






Started logging.

>>>
Content-Length: 2159

{"method":"initialize","params":{"processId":40076,"rootPath":"C:\\Users\\ltp\\AppData\\Local\\Temp\\arduino-language-server744730647\\sketch","rootUri":"file:///C:/Users/ltp/AppData/Local/Temp/arduino-language-server744730647/sketch","clientInfo":{"name":"vscode","version":"1.53.2"},"trace":"off","initializationOptions":{},"capabilities":{"workspace":{"workspaceEdit":{"documentChanges":true,"resourceOperations":["create","rename","delete"]},"applyEdit":true,"symbol":{"symbolKind":{"valueSet":[1,2,3,4,5,6,7,8,9,10,11,12,13,14,15,16,17,18,19,20,21,22,23,24,25,26]}},"executeCommand":{"dynamicRegistration":true},"didChangeWatchedFiles":{"dynamicRegistration":true},"workspaceFolders":true,"configuration":true},"textDocument":{"declaration":{"linkSupport":true},"definition":{"linkSupport":true},"implementation":{"linkSupport":true,"dynamicRegistration":true},"typeDefinition":{"linkSupport":true},"synchronization":{"willSave":true,"didSave":true,"willSaveWaitUntil":true},"documentSymbol":{"symbolKind":{"valueSet":[1,2,3,4,5,6,7,8,9,10,11,12,13,14,15,16,17,18,19,20,21,22,23,24,25,26]},"hierarchicalDocumentSymbolSupport":true},"formatting":{"dynamicRegistration":true},"rangeFormatting":{"dynamicRegistration":true},"rename":{"dynamicRegistration":true,"prepareSupport":true},"codeAction":{"dynamicRegistration":true,"isPreferredSupport":true,"codeActionLiteralSupport":{"codeActionKind":{"valueSet":["","quickfix","refactor","refactor.extract","refactor.inline","refactor.rewrite","source","source.organizeImports"]}}},"completion":{"completionItem":{"documentationFormat":["markdown","plaintext"],"snippetSupport":true},"completionItemKind":{"valueSet":[1,2,3,4,5,6,7,8,9,10,11,12,13,14,15,16,17,18,19,20,21,22,23,24,25]},"contextSupport":true},"signatureHelp":{"signatureInformation":{"parameterInformation":{"labelOffsetSupport":true}}},"documentLink":{"dynamicRegistration":true,"tooltipSupport":true},"hover":{"contentFormat":["markdown","plaintext"]},"foldingRange":{"dynamicRegistration":true,"rangeLimit":5000,"lineFoldingOnly":true},"colorProvider":{"dynamicRegistration":true}},"window":{"workDoneProgress":true}}},"id":0,"jsonrpc":"2.0"}
<<<
Content-Length: 1671

{"id":0,"jsonrpc":"2.0","result":{"capabilities":{"astProvider":true,"callHierarchyProvider":true,"codeActionProvider":{"codeActionKinds":["quickfix","refactor","info"]},"compilationDatabase":{"automaticReload":true},"completionProvider":{"allCommitCharacters":[" ","\t","(",")","[","]","{","}","<",">",":",";",",","+","-","/","*","%","^","&","#","?",".","=","\"","'","|"],"resolveProvider":false,"triggerCharacters":[".","<",">",":","\"","/"]},"declarationProvider":true,"definitionProvider":true,"documentFormattingProvider":true,"documentHighlightProvider":true,"documentLinkProvider":{"resolveProvider":false},"documentOnTypeFormattingProvider":{"firstTriggerCharacter":"\n","moreTriggerCharacter":[]},"documentRangeFormattingProvider":true,"documentSymbolProvider":true,"executeCommandProvider":{"commands":["clangd.applyFix","clangd.applyTweak"]},"hoverProvider":true,"implementationProvider":true,"memoryUsageProvider":true,"referencesProvider":true,"renameProvider":{"prepareProvider":true},"selectionRangeProvider":true,"semanticTokensProvider":{"full":{"delta":true},"legend":{"tokenModifiers":[],"tokenTypes":["variable","variable","parameter","function","method","function","property","variable","class","enum","enumMember","type","dependent","dependent","namespace","typeParameter","concept","type","macro","comment"]},"range":false},"signatureHelpProvider":{"triggerCharacters":["(",","]},"textDocumentSync":{"change":2,"openClose":true,"save":true},"typeHierarchyProvider":true,"workspaceSymbolProvider":true},"serverInfo":{"name":"clangd","version":"clangd version 12.0.0 (https://github.com/llvm/llvm-project e841bd5f335864b8c4d81cbf4df08460ef39f2ae)"}}}
>>>
Content-Length: 52

{"method":"initialized","params":{},"jsonrpc":"2.0"}Content-Length: 4843

{"method":"textDocument/didOpen","params":{"textDocument":{"uri":"file:///C:/Users/ltp/AppData/Local/Temp/arduino-language-server744730647/sketch/StandardRTLSAnchorB_TWR.ino.cpp","languageId":"cpp","version":1,"text":"#include \u003cArduino.h\u003e\n#line 1 \"D:\\\\RAK-Work\\\\20210707\\\\RAK13801\\\\RAK13801-UWB-Library\\\\examples\\\\StandardRTLSAnchorB_TWR\\\\StandardRTLSAnchorB_TWR.ino\"\n/**\n   @file StandardRTLSAnchorB_TWR.ino\n   @author rakwireless.com\n   @brief Standard RTLS AnchorB TWR\n   @version 0.1\n   @date 2022-1-28\n   @copyright Copyright (c) 2020\n**/\n\n#include \u003cDW1000Ng.hpp\u003e\n#include \u003cDW1000NgUtils.hpp\u003e\n#include \u003cDW1000NgRanging.hpp\u003e\n#include \u003cDW1000NgRTLS.hpp\u003e\n\n// connection pins\n#if defined(ESP8266)\nconst uint8_t PIN_SS = 15;\n#else\nconst uint8_t PIN_SS = SS; // spi select pin\nconst uint8_t PIN_RST = WB_IO6;\nconst uint8_t PIN_IRQ = WB_IO5;\n#endif\n\nbyte main_anchor_address[] = {0x01, 0x00};\nuint16_t next_anchor = 3;\n\ndouble range_self;\n\ndevice_configuration_t DEFAULT_CONFIG = {\n  false,\n  true,\n  true,\n  true,\n  false,\n  SFDMode::STANDARD_SFD,\n  Channel::CHANNEL_5,\n  DataRate::RATE_850KBPS,\n  PulseFrequency::FREQ_16MHZ,\n  PreambleLength::LEN_256,\n  PreambleCode::CODE_3\n};\n\nframe_filtering_configuration_t ANCHOR_FRAME_FILTER_CONFIG = {\n  false,\n  false,\n  true,\n  false,\n  false,\n  false,\n  false,\n  false\n};\n\n#line 54 \"D:\\\\RAK-Work\\\\20210707\\\\RAK13801\\\\RAK13801-UWB-Library\\\\examples\\\\StandardRTLSAnchorB_TWR\\\\StandardRTLSAnchorB_TWR.ino\"\nvoid setup();\n#line 109 \"D:\\\\RAK-Work\\\\20210707\\\\RAK13801\\\\RAK13801-UWB-Library\\\\examples\\\\StandardRTLSAnchorB_TWR\\\\StandardRTLSAnchorB_TWR.ino\"\nvoid transmitRangeReport();\n#line 119 \"D:\\\\RAK-Work\\\\20210707\\\\RAK13801\\\\RAK13801-UWB-Library\\\\examples\\\\StandardRTLSAnchorB_TWR\\\\StandardRTLSAnchorB_TWR.ino\"\nvoid loop();\n#line 54 \"D:\\\\RAK-Work\\\\20210707\\\\RAK13801\\\\RAK13801-UWB-Library\\\\examples\\\\StandardRTLSAnchorB_TWR\\\\StandardRTLSAnchorB_TWR.ino\"\nvoid setup() {\n  pinMode(WB_IO2, OUTPUT);\n  digitalWrite(WB_IO2, HIGH); //Turn on the power switch\n  delay(300);\n  time_t serial_timeout = millis();\n  // DEBUG monitoring\n  Serial.begin(115200);\n  while (!Serial)\n  {\n    if ((millis() - serial_timeout) \u003c 5000)\n    {\n      delay(100);\n    }\n    else\n    {\n      break;\n    }\n  }\n  Serial.println(F(\"### arduino-DW1000Ng-ranging-anchor-B ###\"));\n  // initialize the driver\n#if defined(ESP8266)\n  DW1000Ng::initializeNoInterrupt(PIN_SS);\n#else\n  DW1000Ng::initializeNoInterrupt(PIN_SS, PIN_RST);\n#endif\n  Serial.println(F(\"DW1000Ng initialized ...\"));\n  // general configuration\n  DW1000Ng::applyConfiguration(DEFAULT_CONFIG);\n  DW1000Ng::enableFrameFiltering(ANCHOR_FRAME_FILTER_CONFIG);\n\n  DW1000Ng::setEUI(\"AA:BB:CC:DD:EE:FF:00:02\");\n\n  DW1000Ng::setAntennaDelay(16436);//16436\n  DW1000Ng::setSfdDetectionTimeout(273);\n  DW1000Ng::setReceiveFrameWaitTimeoutPeriod(5000);\n\n  DW1000Ng::setNetworkId(RTLS_APP_ID);\n  DW1000Ng::setDeviceAddress(2);\n\n  DW1000Ng::setAntennaDelay(16436);\n\n  Serial.println(F(\"Committed configuration ...\"));\n  // DEBUG chip info and registers pretty printed\n  char msg[128];\n  DW1000Ng::getPrintableDeviceIdentifier(msg);\n  Serial.print(\"Device ID: \"); Serial.println(msg);\n  DW1000Ng::getPrintableExtendedUniqueIdentifier(msg);\n  Serial.print(\"Unique ID: \"); Serial.println(msg);\n  DW1000Ng::getPrintableNetworkIdAndShortAddress(msg);\n  Serial.print(\"Network ID \u0026 Device Address: \"); Serial.println(msg);\n  DW1000Ng::getPrintableDeviceMode(msg);\n  Serial.print(\"Device mode: \"); Serial.println(msg);\n\n}\n\nvoid transmitRangeReport() {\n  byte rangingReport[] = {DATA, SHORT_SRC_AND_DEST, DW1000NgRTLS::increaseSequenceNumber(), 0, 0, 0, 0, 0, 0, 0x60, 0, 0 };\n  DW1000Ng::getNetworkId(\u0026rangingReport[3]);\n  memcpy(\u0026rangingReport[5], main_anchor_address, 2);\n  DW1000Ng::getDeviceAddress(\u0026rangingReport[7]);\n  DW1000NgUtils::writeValueToBytes(\u0026rangingReport[10], static_cast\u003cuint16_t\u003e((range_self * 1000)), 2);\n  DW1000Ng::setTransmitData(rangingReport, sizeof(rangingReport));\n  DW1000Ng::startTransmit();\n}\n\nvoid loop() {\n  RangeAcceptResult result = DW1000NgRTLS::anchorRangeAccept(NextActivity::RANGING_CONFIRM, next_anchor);\n  if (result.success) {\n//    delay(1);\n        delayMicroseconds(400); // Tweak based on your hardware\n    range_self = result.range;\n    transmitRangeReport();\n\n    String rangeString = \"Range: \"; rangeString += range_self; rangeString += \" m\";\n    rangeString += \"\\t RX power: \"; rangeString += DW1000Ng::getReceivePower(); rangeString += \" dBm\";\n    Serial.println(rangeString);\n  }\n}\n\n"}},"jsonrpc":"2.0"}Content-Length: 211

{"method":"textDocument/documentSymbol","params":{"textDocument":{"uri":"file:///C:/Users/ltp/AppData/Local/Temp/arduino-language-server744730647/sketch/StandardRTLSAnchorB_TWR.ino.cpp"}},"id":1,"jsonrpc":"2.0"}
<<<
Content-Length: 111

{"id":0,"jsonrpc":"2.0","method":"window/workDoneProgress/create","params":{"token":"backgroundIndexProgress"}}
>>>
Content-Length: 38

{"id":0,"result":null,"jsonrpc":"2.0"}Content-Length: 310

{"method":"textDocument/codeAction","params":{"textDocument":{"uri":"file:///C:/Users/ltp/AppData/Local/Temp/arduino-language-server744730647/sketch/StandardRTLSAnchorB_TWR.ino.cpp"},"range":{"start":{"line":2,"character":0},"end":{"line":2,"character":0}},"context":{"diagnostics":[]}},"id":2,"jsonrpc":"2.0"}
<<<
Content-Length: 143

{"jsonrpc":"2.0","method":"$/progress","params":{"token":"backgroundIndexProgress","value":{"kind":"begin","percentage":0,"title":"indexing"}}}Content-Length: 141

{"jsonrpc":"2.0","method":"$/progress","params":{"token":"backgroundIndexProgress","value":{"kind":"report","message":"0/1","percentage":0}}}Content-Length: 142

{"jsonrpc":"2.0","method":"$/progress","params":{"token":"backgroundIndexProgress","value":{"kind":"report","message":"0/36","percentage":0}}}Content-Length: 142

{"jsonrpc":"2.0","method":"$/progress","params":{"token":"backgroundIndexProgress","value":{"kind":"report","message":"0/36","percentage":0}}}Content-Length: 142

{"jsonrpc":"2.0","method":"$/progress","params":{"token":"backgroundIndexProgress","value":{"kind":"report","message":"0/36","percentage":0}}}Content-Length: 159

{"jsonrpc":"2.0","method":"$/progress","params":{"token":"backgroundIndexProgress","value":{"kind":"report","message":"1/36","percentage":2.7777777777777777}}}Content-Length: 159

{"jsonrpc":"2.0","method":"$/progress","params":{"token":"backgroundIndexProgress","value":{"kind":"report","message":"1/36","percentage":2.7777777777777777}}}Content-Length: 159

{"jsonrpc":"2.0","method":"$/progress","params":{"token":"backgroundIndexProgress","value":{"kind":"report","message":"1/36","percentage":2.7777777777777777}}}Content-Length: 159

{"jsonrpc":"2.0","method":"$/progress","params":{"token":"backgroundIndexProgress","value":{"kind":"report","message":"2/36","percentage":5.5555555555555554}}}Content-Length: 159

{"jsonrpc":"2.0","method":"$/progress","params":{"token":"backgroundIndexProgress","value":{"kind":"report","message":"2/36","percentage":5.5555555555555554}}}Content-Length: 1176

{"jsonrpc":"2.0","method":"textDocument/publishDiagnostics","params":{"diagnostics":[{"code":"pp_file_not_found","message":"In included file: 'stdlib.h' file not found\n\nC:\\Users\\ltp\\AppData\\Local\\Arduino15\\packages\\rakwireless\\hardware\\mbed_rp2040\\0.0.5\\cores\\arduino\\api/Interrupts.h:5:10:\nnote: error occurred here","range":{"end":{"character":10,"line":0},"start":{"character":9,"line":0}},"severity":1,"source":"clang"},{"code":"unknown_typename_suggest","message":"Unknown type name 'time_t'; did you mean 'size_t'? (fix available)\n\nc:\\Users\\ltp\\AppData\\Local\\Programs\\Arduino IDE\\resources\\app\\node_modules\\arduino-ide-extension\\build\\lib\\clang\\12.0.0\\include\\stddef.h:46:23:\nnote: 'size_t' declared here","range":{"end":{"character":8,"line":66},"start":{"character":2,"line":66}},"severity":1,"source":"clang"},{"code":"undeclared_var_use","message":"Use of undeclared identifier 'memcpy'","range":{"end":{"character":8,"line":120},"start":{"character":2,"line":120}},"severity":1,"source":"clang"}],"uri":"file:///C:/Users/ltp/AppData/Local/Temp/arduino-language-server744730647/sketch/StandardRTLSAnchorB_TWR.ino.cpp","version":1}}Content-Length: 2788

{"id":1,"jsonrpc":"2.0","result":[{"kind":13,"name":"PIN_SS","range":{"end":{"character":25,"line":20},"start":{"character":0,"line":20}},"selectionRange":{"end":{"character":20,"line":20},"start":{"character":14,"line":20}}},{"kind":13,"name":"PIN_RST","range":{"end":{"character":30,"line":21},"start":{"character":0,"line":21}},"selectionRange":{"end":{"character":21,"line":21},"start":{"character":14,"line":21}}},{"kind":13,"name":"PIN_IRQ","range":{"end":{"character":30,"line":22},"start":{"character":0,"line":22}},"selectionRange":{"end":{"character":21,"line":22},"start":{"character":14,"line":22}}},{"kind":13,"name":"main_anchor_address","range":{"end":{"character":41,"line":25},"start":{"character":0,"line":25}},"selectionRange":{"end":{"character":24,"line":25},"start":{"character":5,"line":25}}},{"kind":13,"name":"next_anchor","range":{"end":{"character":24,"line":26},"start":{"character":0,"line":26}},"selectionRange":{"end":{"character":20,"line":26},"start":{"character":9,"line":26}}},{"kind":13,"name":"range_self","range":{"end":{"character":17,"line":28},"start":{"character":0,"line":28}},"selectionRange":{"end":{"character":17,"line":28},"start":{"character":7,"line":28}}},{"kind":13,"name":"DEFAULT_CONFIG","range":{"end":{"character":1,"line":42},"start":{"character":0,"line":30}},"selectionRange":{"end":{"character":37,"line":30},"start":{"character":23,"line":30}}},{"kind":13,"name":"ANCHOR_FRAME_FILTER_CONFIG","range":{"end":{"character":1,"line":53},"start":{"character":0,"line":44}},"selectionRange":{"end":{"character":58,"line":44},"start":{"character":32,"line":44}}},{"kind":12,"name":"setup","range":{"end":{"character":12,"line":56},"start":{"character":0,"line":56}},"selectionRange":{"end":{"character":10,"line":56},"start":{"character":5,"line":56}}},{"kind":12,"name":"transmitRangeReport","range":{"end":{"character":26,"line":58},"start":{"character":0,"line":58}},"selectionRange":{"end":{"character":24,"line":58},"start":{"character":5,"line":58}}},{"kind":12,"name":"loop","range":{"end":{"character":11,"line":60},"start":{"character":0,"line":60}},"selectionRange":{"end":{"character":9,"line":60},"start":{"character":5,"line":60}}},{"kind":12,"name":"setup","range":{"end":{"character":1,"line":115},"start":{"character":0,"line":62}},"selectionRange":{"end":{"character":10,"line":62},"start":{"character":5,"line":62}}},{"kind":12,"name":"transmitRangeReport","range":{"end":{"character":1,"line":125},"start":{"character":0,"line":117}},"selectionRange":{"end":{"character":24,"line":117},"start":{"character":5,"line":117}}},{"kind":12,"name":"loop","range":{"end":{"character":1,"line":139},"start":{"character":0,"line":127}},"selectionRange":{"end":{"character":9,"line":127},"start":{"character":5,"line":127}}}]}Content-Length: 36

{"id":2,"jsonrpc":"2.0","result":[]}
>>>
Content-Length: 211

{"method":"textDocument/documentSymbol","params":{"textDocument":{"uri":"file:///C:/Users/ltp/AppData/Local/Temp/arduino-language-server744730647/sketch/StandardRTLSAnchorB_TWR.ino.cpp"}},"id":3,"jsonrpc":"2.0"}
<<<
Content-Length: 2788

{"id":3,"jsonrpc":"2.0","result":[{"kind":13,"name":"PIN_SS","range":{"end":{"character":25,"line":20},"start":{"character":0,"line":20}},"selectionRange":{"end":{"character":20,"line":20},"start":{"character":14,"line":20}}},{"kind":13,"name":"PIN_RST","range":{"end":{"character":30,"line":21},"start":{"character":0,"line":21}},"selectionRange":{"end":{"character":21,"line":21},"start":{"character":14,"line":21}}},{"kind":13,"name":"PIN_IRQ","range":{"end":{"character":30,"line":22},"start":{"character":0,"line":22}},"selectionRange":{"end":{"character":21,"line":22},"start":{"character":14,"line":22}}},{"kind":13,"name":"main_anchor_address","range":{"end":{"character":41,"line":25},"start":{"character":0,"line":25}},"selectionRange":{"end":{"character":24,"line":25},"start":{"character":5,"line":25}}},{"kind":13,"name":"next_anchor","range":{"end":{"character":24,"line":26},"start":{"character":0,"line":26}},"selectionRange":{"end":{"character":20,"line":26},"start":{"character":9,"line":26}}},{"kind":13,"name":"range_self","range":{"end":{"character":17,"line":28},"start":{"character":0,"line":28}},"selectionRange":{"end":{"character":17,"line":28},"start":{"character":7,"line":28}}},{"kind":13,"name":"DEFAULT_CONFIG","range":{"end":{"character":1,"line":42},"start":{"character":0,"line":30}},"selectionRange":{"end":{"character":37,"line":30},"start":{"character":23,"line":30}}},{"kind":13,"name":"ANCHOR_FRAME_FILTER_CONFIG","range":{"end":{"character":1,"line":53},"start":{"character":0,"line":44}},"selectionRange":{"end":{"character":58,"line":44},"start":{"character":32,"line":44}}},{"kind":12,"name":"setup","range":{"end":{"character":12,"line":56},"start":{"character":0,"line":56}},"selectionRange":{"end":{"character":10,"line":56},"start":{"character":5,"line":56}}},{"kind":12,"name":"transmitRangeReport","range":{"end":{"character":26,"line":58},"start":{"character":0,"line":58}},"selectionRange":{"end":{"character":24,"line":58},"start":{"character":5,"line":58}}},{"kind":12,"name":"loop","range":{"end":{"character":11,"line":60},"start":{"character":0,"line":60}},"selectionRange":{"end":{"character":9,"line":60},"start":{"character":5,"line":60}}},{"kind":12,"name":"setup","range":{"end":{"character":1,"line":115},"start":{"character":0,"line":62}},"selectionRange":{"end":{"character":10,"line":62},"start":{"character":5,"line":62}}},{"kind":12,"name":"transmitRangeReport","range":{"end":{"character":1,"line":125},"start":{"character":0,"line":117}},"selectionRange":{"end":{"character":24,"line":117},"start":{"character":5,"line":117}}},{"kind":12,"name":"loop","range":{"end":{"character":1,"line":139},"start":{"character":0,"line":127}},"selectionRange":{"end":{"character":9,"line":127},"start":{"character":5,"line":127}}}]}Content-Length: 159

{"jsonrpc":"2.0","method":"$/progress","params":{"token":"backgroundIndexProgress","value":{"kind":"report","message":"3/36","percentage":8.3333333333333339}}}Content-Length: 159

{"jsonrpc":"2.0","method":"$/progress","params":{"token":"backgroundIndexProgress","value":{"kind":"report","message":"3/36","percentage":8.3333333333333339}}}Content-Length: 159

{"jsonrpc":"2.0","method":"$/progress","params":{"token":"backgroundIndexProgress","value":{"kind":"report","message":"4/36","percentage":11.111111111111111}}}Content-Length: 159

{"jsonrpc":"2.0","method":"$/progress","params":{"token":"backgroundIndexProgress","value":{"kind":"report","message":"4/36","percentage":11.111111111111111}}}
>>>
Content-Length: 310

{"method":"textDocument/codeAction","params":{"textDocument":{"uri":"file:///C:/Users/ltp/AppData/Local/Temp/arduino-language-server744730647/sketch/StandardRTLSAnchorB_TWR.ino.cpp"},"range":{"start":{"line":2,"character":0},"end":{"line":2,"character":0}},"context":{"diagnostics":[]}},"id":4,"jsonrpc":"2.0"}
<<<
Content-Length: 36

{"id":4,"jsonrpc":"2.0","result":[]}
>>>
Content-Length: 211

{"method":"textDocument/documentSymbol","params":{"textDocument":{"uri":"file:///C:/Users/ltp/AppData/Local/Temp/arduino-language-server744730647/sketch/StandardRTLSAnchorB_TWR.ino.cpp"}},"id":5,"jsonrpc":"2.0"}
<<<
Content-Length: 2788

{"id":5,"jsonrpc":"2.0","result":[{"kind":13,"name":"PIN_SS","range":{"end":{"character":25,"line":20},"start":{"character":0,"line":20}},"selectionRange":{"end":{"character":20,"line":20},"start":{"character":14,"line":20}}},{"kind":13,"name":"PIN_RST","range":{"end":{"character":30,"line":21},"start":{"character":0,"line":21}},"selectionRange":{"end":{"character":21,"line":21},"start":{"character":14,"line":21}}},{"kind":13,"name":"PIN_IRQ","range":{"end":{"character":30,"line":22},"start":{"character":0,"line":22}},"selectionRange":{"end":{"character":21,"line":22},"start":{"character":14,"line":22}}},{"kind":13,"name":"main_anchor_address","range":{"end":{"character":41,"line":25},"start":{"character":0,"line":25}},"selectionRange":{"end":{"character":24,"line":25},"start":{"character":5,"line":25}}},{"kind":13,"name":"next_anchor","range":{"end":{"character":24,"line":26},"start":{"character":0,"line":26}},"selectionRange":{"end":{"character":20,"line":26},"start":{"character":9,"line":26}}},{"kind":13,"name":"range_self","range":{"end":{"character":17,"line":28},"start":{"character":0,"line":28}},"selectionRange":{"end":{"character":17,"line":28},"start":{"character":7,"line":28}}},{"kind":13,"name":"DEFAULT_CONFIG","range":{"end":{"character":1,"line":42},"start":{"character":0,"line":30}},"selectionRange":{"end":{"character":37,"line":30},"start":{"character":23,"line":30}}},{"kind":13,"name":"ANCHOR_FRAME_FILTER_CONFIG","range":{"end":{"character":1,"line":53},"start":{"character":0,"line":44}},"selectionRange":{"end":{"character":58,"line":44},"start":{"character":32,"line":44}}},{"kind":12,"name":"setup","range":{"end":{"character":12,"line":56},"start":{"character":0,"line":56}},"selectionRange":{"end":{"character":10,"line":56},"start":{"character":5,"line":56}}},{"kind":12,"name":"transmitRangeReport","range":{"end":{"character":26,"line":58},"start":{"character":0,"line":58}},"selectionRange":{"end":{"character":24,"line":58},"start":{"character":5,"line":58}}},{"kind":12,"name":"loop","range":{"end":{"character":11,"line":60},"start":{"character":0,"line":60}},"selectionRange":{"end":{"character":9,"line":60},"start":{"character":5,"line":60}}},{"kind":12,"name":"setup","range":{"end":{"character":1,"line":115},"start":{"character":0,"line":62}},"selectionRange":{"end":{"character":10,"line":62},"start":{"character":5,"line":62}}},{"kind":12,"name":"transmitRangeReport","range":{"end":{"character":1,"line":125},"start":{"character":0,"line":117}},"selectionRange":{"end":{"character":24,"line":117},"start":{"character":5,"line":117}}},{"kind":12,"name":"loop","range":{"end":{"character":1,"line":139},"start":{"character":0,"line":127}},"selectionRange":{"end":{"character":9,"line":127},"start":{"character":5,"line":127}}}]}Content-Length: 159

{"jsonrpc":"2.0","method":"$/progress","params":{"token":"backgroundIndexProgress","value":{"kind":"report","message":"5/36","percentage":13.888888888888889}}}Content-Length: 159

{"jsonrpc":"2.0","method":"$/progress","params":{"token":"backgroundIndexProgress","value":{"kind":"report","message":"5/36","percentage":13.888888888888889}}}Content-Length: 159

{"jsonrpc":"2.0","method":"$/progress","params":{"token":"backgroundIndexProgress","value":{"kind":"report","message":"6/36","percentage":16.666666666666668}}}Content-Length: 159

{"jsonrpc":"2.0","method":"$/progress","params":{"token":"backgroundIndexProgress","value":{"kind":"report","message":"6/36","percentage":16.666666666666668}}}Content-Length: 159

{"jsonrpc":"2.0","method":"$/progress","params":{"token":"backgroundIndexProgress","value":{"kind":"report","message":"7/36","percentage":19.444444444444443}}}Content-Length: 159

{"jsonrpc":"2.0","method":"$/progress","params":{"token":"backgroundIndexProgress","value":{"kind":"report","message":"7/36","percentage":19.444444444444443}}}Content-Length: 159

{"jsonrpc":"2.0","method":"$/progress","params":{"token":"backgroundIndexProgress","value":{"kind":"report","message":"8/36","percentage":22.222222222222221}}}Content-Length: 159

{"jsonrpc":"2.0","method":"$/progress","params":{"token":"backgroundIndexProgress","value":{"kind":"report","message":"8/36","percentage":22.222222222222221}}}Content-Length: 143

{"jsonrpc":"2.0","method":"$/progress","params":{"token":"backgroundIndexProgress","value":{"kind":"report","message":"9/36","percentage":25}}}Content-Length: 143

{"jsonrpc":"2.0","method":"$/progress","params":{"token":"backgroundIndexProgress","value":{"kind":"report","message":"9/36","percentage":25}}}Content-Length: 160

{"jsonrpc":"2.0","method":"$/progress","params":{"token":"backgroundIndexProgress","value":{"kind":"report","message":"10/36","percentage":27.777777777777779}}}Content-Length: 160

{"jsonrpc":"2.0","method":"$/progress","params":{"token":"backgroundIndexProgress","value":{"kind":"report","message":"10/36","percentage":27.777777777777779}}}Content-Length: 160

{"jsonrpc":"2.0","method":"$/progress","params":{"token":"backgroundIndexProgress","value":{"kind":"report","message":"11/36","percentage":30.555555555555557}}}Content-Length: 160

{"jsonrpc":"2.0","method":"$/progress","params":{"token":"backgroundIndexProgress","value":{"kind":"report","message":"11/36","percentage":30.555555555555557}}}Content-Length: 160

{"jsonrpc":"2.0","method":"$/progress","params":{"token":"backgroundIndexProgress","value":{"kind":"report","message":"12/36","percentage":33.333333333333336}}}Content-Length: 160

{"jsonrpc":"2.0","method":"$/progress","params":{"token":"backgroundIndexProgress","value":{"kind":"report","message":"12/36","percentage":33.333333333333336}}}Content-Length: 160

{"jsonrpc":"2.0","method":"$/progress","params":{"token":"backgroundIndexProgress","value":{"kind":"report","message":"13/36","percentage":36.111111111111114}}}Content-Length: 160

{"jsonrpc":"2.0","method":"$/progress","params":{"token":"backgroundIndexProgress","value":{"kind":"report","message":"13/36","percentage":36.111111111111114}}}Content-Length: 160

{"jsonrpc":"2.0","method":"$/progress","params":{"token":"backgroundIndexProgress","value":{"kind":"report","message":"14/36","percentage":38.888888888888886}}}Content-Length: 160

{"jsonrpc":"2.0","method":"$/progress","params":{"token":"backgroundIndexProgress","value":{"kind":"report","message":"14/36","percentage":38.888888888888886}}}Content-Length: 160

{"jsonrpc":"2.0","method":"$/progress","params":{"token":"backgroundIndexProgress","value":{"kind":"report","message":"15/36","percentage":41.666666666666664}}}Content-Length: 160

{"jsonrpc":"2.0","method":"$/progress","params":{"token":"backgroundIndexProgress","value":{"kind":"report","message":"15/36","percentage":41.666666666666664}}}Content-Length: 160

{"jsonrpc":"2.0","method":"$/progress","params":{"token":"backgroundIndexProgress","value":{"kind":"report","message":"16/36","percentage":44.444444444444443}}}Content-Length: 160

{"jsonrpc":"2.0","method":"$/progress","params":{"token":"backgroundIndexProgress","value":{"kind":"report","message":"16/36","percentage":44.444444444444443}}}Content-Length: 160

{"jsonrpc":"2.0","method":"$/progress","params":{"token":"backgroundIndexProgress","value":{"kind":"report","message":"17/36","percentage":47.222222222222221}}}Content-Length: 160

{"jsonrpc":"2.0","method":"$/progress","params":{"token":"backgroundIndexProgress","value":{"kind":"report","message":"17/36","percentage":47.222222222222221}}}Content-Length: 144

{"jsonrpc":"2.0","method":"$/progress","params":{"token":"backgroundIndexProgress","value":{"kind":"report","message":"18/36","percentage":50}}}Content-Length: 144

{"jsonrpc":"2.0","method":"$/progress","params":{"token":"backgroundIndexProgress","value":{"kind":"report","message":"18/36","percentage":50}}}Content-Length: 160

{"jsonrpc":"2.0","method":"$/progress","params":{"token":"backgroundIndexProgress","value":{"kind":"report","message":"19/36","percentage":52.777777777777779}}}Content-Length: 160

{"jsonrpc":"2.0","method":"$/progress","params":{"token":"backgroundIndexProgress","value":{"kind":"report","message":"19/36","percentage":52.777777777777779}}}Content-Length: 160

{"jsonrpc":"2.0","method":"$/progress","params":{"token":"backgroundIndexProgress","value":{"kind":"report","message":"20/36","percentage":55.555555555555557}}}Content-Length: 160

{"jsonrpc":"2.0","method":"$/progress","params":{"token":"backgroundIndexProgress","value":{"kind":"report","message":"20/36","percentage":55.555555555555557}}}Content-Length: 160

{"jsonrpc":"2.0","method":"$/progress","params":{"token":"backgroundIndexProgress","value":{"kind":"report","message":"21/36","percentage":58.333333333333336}}}Content-Length: 160

{"jsonrpc":"2.0","method":"$/progress","params":{"token":"backgroundIndexProgress","value":{"kind":"report","message":"21/36","percentage":58.333333333333336}}}Content-Length: 160

{"jsonrpc":"2.0","method":"$/progress","params":{"token":"backgroundIndexProgress","value":{"kind":"report","message":"22/36","percentage":61.111111111111114}}}Content-Length: 160

{"jsonrpc":"2.0","method":"$/progress","params":{"token":"backgroundIndexProgress","value":{"kind":"report","message":"22/36","percentage":61.111111111111114}}}Content-Length: 160

{"jsonrpc":"2.0","method":"$/progress","params":{"token":"backgroundIndexProgress","value":{"kind":"report","message":"23/36","percentage":63.888888888888886}}}Content-Length: 160

{"jsonrpc":"2.0","method":"$/progress","params":{"token":"backgroundIndexProgress","value":{"kind":"report","message":"23/36","percentage":63.888888888888886}}}Content-Length: 160

{"jsonrpc":"2.0","method":"$/progress","params":{"token":"backgroundIndexProgress","value":{"kind":"report","message":"24/36","percentage":66.666666666666671}}}Content-Length: 160

{"jsonrpc":"2.0","method":"$/progress","params":{"token":"backgroundIndexProgress","value":{"kind":"report","message":"24/36","percentage":66.666666666666671}}}Content-Length: 160

{"jsonrpc":"2.0","method":"$/progress","params":{"token":"backgroundIndexProgress","value":{"kind":"report","message":"25/36","percentage":69.444444444444443}}}Content-Length: 160

{"jsonrpc":"2.0","method":"$/progress","params":{"token":"backgroundIndexProgress","value":{"kind":"report","message":"25/36","percentage":69.444444444444443}}}Content-Length: 160

{"jsonrpc":"2.0","method":"$/progress","params":{"token":"backgroundIndexProgress","value":{"kind":"report","message":"26/36","percentage":72.222222222222229}}}Content-Length: 160

{"jsonrpc":"2.0","method":"$/progress","params":{"token":"backgroundIndexProgress","value":{"kind":"report","message":"26/36","percentage":72.222222222222229}}}Content-Length: 144

{"jsonrpc":"2.0","method":"$/progress","params":{"token":"backgroundIndexProgress","value":{"kind":"report","message":"27/36","percentage":75}}}Content-Length: 144

{"jsonrpc":"2.0","method":"$/progress","params":{"token":"backgroundIndexProgress","value":{"kind":"report","message":"27/36","percentage":75}}}Content-Length: 160

{"jsonrpc":"2.0","method":"$/progress","params":{"token":"backgroundIndexProgress","value":{"kind":"report","message":"28/36","percentage":77.777777777777771}}}Content-Length: 160

{"jsonrpc":"2.0","method":"$/progress","params":{"token":"backgroundIndexProgress","value":{"kind":"report","message":"28/36","percentage":77.777777777777771}}}Content-Length: 160

{"jsonrpc":"2.0","method":"$/progress","params":{"token":"backgroundIndexProgress","value":{"kind":"report","message":"29/36","percentage":80.555555555555557}}}Content-Length: 160

{"jsonrpc":"2.0","method":"$/progress","params":{"token":"backgroundIndexProgress","value":{"kind":"report","message":"29/36","percentage":80.555555555555557}}}Content-Length: 160

{"jsonrpc":"2.0","method":"$/progress","params":{"token":"backgroundIndexProgress","value":{"kind":"report","message":"30/36","percentage":83.333333333333329}}}Content-Length: 160

{"jsonrpc":"2.0","method":"$/progress","params":{"token":"backgroundIndexProgress","value":{"kind":"report","message":"30/36","percentage":83.333333333333329}}}Content-Length: 160

{"jsonrpc":"2.0","method":"$/progress","params":{"token":"backgroundIndexProgress","value":{"kind":"report","message":"31/36","percentage":86.111111111111114}}}Content-Length: 160

{"jsonrpc":"2.0","method":"$/progress","params":{"token":"backgroundIndexProgress","value":{"kind":"report","message":"31/36","percentage":86.111111111111114}}}Content-Length: 160

{"jsonrpc":"2.0","method":"$/progress","params":{"token":"backgroundIndexProgress","value":{"kind":"report","message":"32/36","percentage":88.888888888888886}}}Content-Length: 160

{"jsonrpc":"2.0","method":"$/progress","params":{"token":"backgroundIndexProgress","value":{"kind":"report","message":"32/36","percentage":88.888888888888886}}}Content-Length: 160

{"jsonrpc":"2.0","method":"$/progress","params":{"token":"backgroundIndexProgress","value":{"kind":"report","message":"33/36","percentage":91.666666666666671}}}Content-Length: 160

{"jsonrpc":"2.0","method":"$/progress","params":{"token":"backgroundIndexProgress","value":{"kind":"report","message":"34/36","percentage":94.444444444444443}}}Content-Length: 160

{"jsonrpc":"2.0","method":"$/progress","params":{"token":"backgroundIndexProgress","value":{"kind":"report","message":"35/36","percentage":97.222222222222229}}}Content-Length: 107

{"jsonrpc":"2.0","method":"$/progress","params":{"token":"backgroundIndexProgress","value":{"kind":"end"}}}
>>>
Content-Length: 240

{"method":"textDocument/hover","params":{"textDocument":{"uri":"file:///C:/Users/ltp/AppData/Local/Temp/arduino-language-server744730647/sketch/StandardRTLSAnchorB_TWR.ino.cpp"},"position":{"line":89,"character":47}},"id":6,"jsonrpc":"2.0"}
<<<
Content-Length: 38

{"id":6,"jsonrpc":"2.0","result":null}
>>>
Content-Length: 62

{"method":"$/cancelRequest","params":{"id":4},"jsonrpc":"2.0"}Content-Length: 240

{"method":"textDocument/hover","params":{"textDocument":{"uri":"file:///C:/Users/ltp/AppData/Local/Temp/arduino-language-server744730647/sketch/StandardRTLSAnchorB_TWR.ino.cpp"},"position":{"line":90,"character":50}},"id":7,"jsonrpc":"2.0"}
<<<
Content-Length: 412

{"id":7,"jsonrpc":"2.0","result":{"contents":{"kind":"markdown","value":"### variable `ANCHOR_FRAME_FILTER_CONFIG`  \n\n---\nType: `frame_filtering_configuration_t`  \nPassed as config  \n\n---\n```cpp\nframe_filtering_configuration_t ANCHOR_FRAME_FILTER_CONFIG = {\n    false, false, true, false, false, false, false, false}\n```"},"range":{"end":{"character":59,"line":90},"start":{"character":33,"line":90}}}}
>>>
Content-Length: 62

{"method":"$/cancelRequest","params":{"id":5},"jsonrpc":"2.0"}Content-Length: 240

{"method":"textDocument/hover","params":{"textDocument":{"uri":"file:///C:/Users/ltp/AppData/Local/Temp/arduino-language-server744730647/sketch/StandardRTLSAnchorB_TWR.ino.cpp"},"position":{"line":90,"character":51}},"id":8,"jsonrpc":"2.0"}
<<<
Content-Length: 412

{"id":8,"jsonrpc":"2.0","result":{"contents":{"kind":"markdown","value":"### variable `ANCHOR_FRAME_FILTER_CONFIG`  \n\n---\nType: `frame_filtering_configuration_t`  \nPassed as config  \n\n---\n```cpp\nframe_filtering_configuration_t ANCHOR_FRAME_FILTER_CONFIG = {\n    false, false, true, false, false, false, false, false}\n```"},"range":{"end":{"character":59,"line":90},"start":{"character":33,"line":90}}}}
>>>
Content-Length: 240

{"method":"textDocument/hover","params":{"textDocument":{"uri":"file:///C:/Users/ltp/AppData/Local/Temp/arduino-language-server744730647/sketch/StandardRTLSAnchorB_TWR.ino.cpp"},"position":{"line":85,"character":32}},"id":9,"jsonrpc":"2.0"}
<<<
Content-Length: 769

{"id":9,"jsonrpc":"2.0","result":{"contents":{"kind":"markdown","value":"### function `initializeNoInterrupt`  \n\n---\n→ `void`  \nParameters:  \n- `uint8_t ss`\n- `uint8_t rst = 255`\n\nInitiates and starts a sessions with a DW1000 without interrupt. If rst is not set or value 0xff, a soft resets (i.e. command triggered) are used and it is assumed that no reset line is wired.  \n@param[in] ss The SPI Selection pin used to identify the specific connection  \n@param[in] rst The reset line/pin for hard resets of ICs that connect to the Arduino. Value 0xff means soft reset.  \n\n---\n```cpp\n// In namespace DW1000Ng\nvoid initializeNoInterrupt(uint8_t ss, uint8_t rst = 255)\n```"},"range":{"end":{"character":33,"line":85},"start":{"character":12,"line":85}}}}
>>>
Content-Length: 241

{"method":"textDocument/hover","params":{"textDocument":{"uri":"file:///C:/Users/ltp/AppData/Local/Temp/arduino-language-server744730647/sketch/StandardRTLSAnchorB_TWR.ino.cpp"},"position":{"line":85,"character":24}},"id":10,"jsonrpc":"2.0"}
<<<
Content-Length: 770

{"id":10,"jsonrpc":"2.0","result":{"contents":{"kind":"markdown","value":"### function `initializeNoInterrupt`  \n\n---\n→ `void`  \nParameters:  \n- `uint8_t ss`\n- `uint8_t rst = 255`\n\nInitiates and starts a sessions with a DW1000 without interrupt. If rst is not set or value 0xff, a soft resets (i.e. command triggered) are used and it is assumed that no reset line is wired.  \n@param[in] ss The SPI Selection pin used to identify the specific connection  \n@param[in] rst The reset line/pin for hard resets of ICs that connect to the Arduino. Value 0xff means soft reset.  \n\n---\n```cpp\n// In namespace DW1000Ng\nvoid initializeNoInterrupt(uint8_t ss, uint8_t rst = 255)\n```"},"range":{"end":{"character":33,"line":85},"start":{"character":12,"line":85}}}}
>>>
Content-Length: 242

{"method":"textDocument/hover","params":{"textDocument":{"uri":"file:///C:/Users/ltp/AppData/Local/Temp/arduino-language-server744730647/sketch/StandardRTLSAnchorB_TWR.ino.cpp"},"position":{"line":135,"character":66}},"id":11,"jsonrpc":"2.0"}
<<<
Content-Length: 301

{"id":11,"jsonrpc":"2.0","result":{"contents":{"kind":"markdown","value":"### variable `rangeString`  \n\n---\nType: `class arduino::String`  \n\n---\n```cpp\n// In loop\narduino::String rangeString = \"Range: \"\n```"},"range":{"end":{"character":74,"line":135},"start":{"character":63,"line":135}}}}
>>>
Content-Length: 315

{"method":"textDocument/codeAction","params":{"textDocument":{"uri":"file:///C:/Users/ltp/AppData/Local/Temp/arduino-language-server744730647/sketch/StandardRTLSAnchorB_TWR.ino.cpp"},"range":{"start":{"line":139,"character":1},"end":{"line":139,"character":1}},"context":{"diagnostics":[]}},"id":12,"jsonrpc":"2.0"}
<<<
Content-Length: 37

{"id":12,"jsonrpc":"2.0","result":[]}
>>>
Content-Length: 242

{"method":"textDocument/hover","params":{"textDocument":{"uri":"file:///C:/Users/ltp/AppData/Local/Temp/arduino-language-server744730647/sketch/StandardRTLSAnchorB_TWR.ino.cpp"},"position":{"line":136,"character":51}},"id":13,"jsonrpc":"2.0"}
<<<
Content-Length: 227

{"id":13,"jsonrpc":"2.0","result":{"contents":{"kind":"markdown","value":"### namespace `DW1000Ng`  \n\n---\n```cpp\nnamespace DW1000Ng {}\n```"},"range":{"end":{"character":59,"line":136},"start":{"character":51,"line":136}}}}
>>>
Content-Length: 242

{"method":"textDocument/hover","params":{"textDocument":{"uri":"file:///C:/Users/ltp/AppData/Local/Temp/arduino-language-server744730647/sketch/StandardRTLSAnchorB_TWR.ino.cpp"},"position":{"line":136,"character":54}},"id":14,"jsonrpc":"2.0"}
<<<
Content-Length: 227

{"id":14,"jsonrpc":"2.0","result":{"contents":{"kind":"markdown","value":"### namespace `DW1000Ng`  \n\n---\n```cpp\nnamespace DW1000Ng {}\n```"},"range":{"end":{"character":59,"line":136},"start":{"character":51,"line":136}}}}
>>>
Content-Length: 242

{"method":"textDocument/hover","params":{"textDocument":{"uri":"file:///C:/Users/ltp/AppData/Local/Temp/arduino-language-server744730647/sketch/StandardRTLSAnchorB_TWR.ino.cpp"},"position":{"line":135,"character":78}},"id":15,"jsonrpc":"2.0"}
<<<
Content-Length: 39

{"id":15,"jsonrpc":"2.0","result":null}
>>>
Content-Length: 242

{"method":"textDocument/hover","params":{"textDocument":{"uri":"file:///C:/Users/ltp/AppData/Local/Temp/arduino-language-server744730647/sketch/StandardRTLSAnchorB_TWR.ino.cpp"},"position":{"line":135,"character":79}},"id":16,"jsonrpc":"2.0"}
<<<
Content-Length: 39

{"id":16,"jsonrpc":"2.0","result":null}
>>>
Content-Length: 242

{"method":"textDocument/hover","params":{"textDocument":{"uri":"file:///C:/Users/ltp/AppData/Local/Temp/arduino-language-server744730647/sketch/StandardRTLSAnchorB_TWR.ino.cpp"},"position":{"line":135,"character":80}},"id":17,"jsonrpc":"2.0"}
<<<
Content-Length: 39

{"id":17,"jsonrpc":"2.0","result":null}
>>>
Content-Length: 242

{"method":"textDocument/hover","params":{"textDocument":{"uri":"file:///C:/Users/ltp/AppData/Local/Temp/arduino-language-server744730647/sketch/StandardRTLSAnchorB_TWR.ino.cpp"},"position":{"line":135,"character":79}},"id":18,"jsonrpc":"2.0"}
<<<
Content-Length: 39

{"id":18,"jsonrpc":"2.0","result":null}
>>>
Content-Length: 242

{"method":"textDocument/hover","params":{"textDocument":{"uri":"file:///C:/Users/ltp/AppData/Local/Temp/arduino-language-server744730647/sketch/StandardRTLSAnchorB_TWR.ino.cpp"},"position":{"line":132,"character":13}},"id":19,"jsonrpc":"2.0"}
<<<
Content-Length: 248

{"id":19,"jsonrpc":"2.0","result":{"contents":{"kind":"markdown","value":"### variable `range_self`  \n\n---\nType: `double`  \n\n---\n```cpp\ndouble range_self\n```"},"range":{"end":{"character":14,"line":132},"start":{"character":4,"line":132}}}}
>>>
Content-Length: 242

{"method":"textDocument/hover","params":{"textDocument":{"uri":"file:///C:/Users/ltp/AppData/Local/Temp/arduino-language-server744730647/sketch/StandardRTLSAnchorB_TWR.ino.cpp"},"position":{"line":131,"character":51}},"id":20,"jsonrpc":"2.0"}
<<<
Content-Length: 39

{"id":20,"jsonrpc":"2.0","result":null}
>>>
Content-Length: 242

{"method":"textDocument/hover","params":{"textDocument":{"uri":"file:///C:/Users/ltp/AppData/Local/Temp/arduino-language-server744730647/sketch/StandardRTLSAnchorB_TWR.ino.cpp"},"position":{"line":131,"character":51}},"id":21,"jsonrpc":"2.0"}
<<<
Content-Length: 39

{"id":21,"jsonrpc":"2.0","result":null}
>>>
Content-Length: 242

{"method":"textDocument/hover","params":{"textDocument":{"uri":"file:///C:/Users/ltp/AppData/Local/Temp/arduino-language-server744730647/sketch/StandardRTLSAnchorB_TWR.ino.cpp"},"position":{"line":131,"character":41}},"id":22,"jsonrpc":"2.0"}
<<<
Content-Length: 39

{"id":22,"jsonrpc":"2.0","result":null}
>>>
Content-Length: 242

{"method":"textDocument/hover","params":{"textDocument":{"uri":"file:///C:/Users/ltp/AppData/Local/Temp/arduino-language-server744730647/sketch/StandardRTLSAnchorB_TWR.ino.cpp"},"position":{"line":131,"character":31}},"id":23,"jsonrpc":"2.0"}
<<<
Content-Length: 39

{"id":23,"jsonrpc":"2.0","result":null}
>>>
Content-Length: 316

{"method":"textDocument/codeAction","params":{"textDocument":{"uri":"file:///C:/Users/ltp/AppData/Local/Temp/arduino-language-server744730647/sketch/StandardRTLSAnchorB_TWR.ino.cpp"},"range":{"start":{"line":131,"character":7},"end":{"line":131,"character":31}},"context":{"diagnostics":[]}},"id":24,"jsonrpc":"2.0"}
<<<
Content-Length: 37

{"id":24,"jsonrpc":"2.0","result":[]}
>>>
Content-Length: 316

{"method":"textDocument/codeAction","params":{"textDocument":{"uri":"file:///C:/Users/ltp/AppData/Local/Temp/arduino-language-server744730647/sketch/StandardRTLSAnchorB_TWR.ino.cpp"},"range":{"start":{"line":131,"character":9},"end":{"line":131,"character":31}},"context":{"diagnostics":[]}},"id":25,"jsonrpc":"2.0"}
<<<
Content-Length: 37

{"id":25,"jsonrpc":"2.0","result":[]}
>>>
Content-Length: 316

{"method":"textDocument/codeAction","params":{"textDocument":{"uri":"file:///C:/Users/ltp/AppData/Local/Temp/arduino-language-server744730647/sketch/StandardRTLSAnchorB_TWR.ino.cpp"},"range":{"start":{"line":131,"character":8},"end":{"line":131,"character":31}},"context":{"diagnostics":[]}},"id":26,"jsonrpc":"2.0"}
<<<
Content-Length: 37

{"id":26,"jsonrpc":"2.0","result":[]}
>>>
Content-Length: 241

{"method":"textDocument/hover","params":{"textDocument":{"uri":"file:///C:/Users/ltp/AppData/Local/Temp/arduino-language-server744730647/sketch/StandardRTLSAnchorB_TWR.ino.cpp"},"position":{"line":131,"character":8}},"id":27,"jsonrpc":"2.0"}
<<<
Content-Length: 309

{"id":27,"jsonrpc":"2.0","result":{"contents":{"kind":"markdown","value":"### function `delayMicroseconds`  \n\n---\n→ `void`  \nParameters:  \n- `unsigned int us`\n\n---\n```cpp\nvoid delayMicroseconds(unsigned int us)\n```"},"range":{"end":{"character":25,"line":131},"start":{"character":8,"line":131}}}}
>>>
Content-Length: 246

{"method":"textDocument/definition","params":{"textDocument":{"uri":"file:///C:/Users/ltp/AppData/Local/Temp/arduino-language-server744730647/sketch/StandardRTLSAnchorB_TWR.ino.cpp"},"position":{"line":131,"character":8}},"id":28,"jsonrpc":"2.0"}
<<<
Content-Length: 241

{"id":28,"jsonrpc":"2.0","result":[{"range":{"end":{"character":22,"line":59},"start":{"character":5,"line":59}},"uri":"file:///C:/Users/ltp/AppData/Local/Arduino15/packages/rakwireless/hardware/mbed_rp2040/0.0.5/cores/arduino/wiring.cpp"}]}
>>>
Content-Length: 206

{"method":"textDocument/didClose","params":{"textDocument":{"uri":"file:///c%3A/Users/ltp/AppData/Local/Arduino15/packages/rakwireless/hardware/mbed_rp2040/0.0.5/cores/arduino/wiring.cpp"}},"jsonrpc":"2.0"}
<<<
Content-Length: 214

{"jsonrpc":"2.0","method":"textDocument/publishDiagnostics","params":{"diagnostics":[],"uri":"file:///c:/Users/ltp/AppData/Local/Arduino15/packages/rakwireless/hardware/mbed_rp2040/0.0.5/cores/arduino/wiring.cpp"}}
>>>
Content-Length: 246

{"method":"textDocument/definition","params":{"textDocument":{"uri":"file:///C:/Users/ltp/AppData/Local/Temp/arduino-language-server744730647/sketch/StandardRTLSAnchorB_TWR.ino.cpp"},"position":{"line":131,"character":8}},"id":29,"jsonrpc":"2.0"}
<<<
Content-Length: 241

{"id":29,"jsonrpc":"2.0","result":[{"range":{"end":{"character":22,"line":59},"start":{"character":5,"line":59}},"uri":"file:///C:/Users/ltp/AppData/Local/Arduino15/packages/rakwireless/hardware/mbed_rp2040/0.0.5/cores/arduino/wiring.cpp"}]}
>>>
Content-Length: 206

{"method":"textDocument/didClose","params":{"textDocument":{"uri":"file:///c%3A/Users/ltp/AppData/Local/Arduino15/packages/rakwireless/hardware/mbed_rp2040/0.0.5/cores/arduino/wiring.cpp"}},"jsonrpc":"2.0"}
<<<
Content-Length: 214

{"jsonrpc":"2.0","method":"textDocument/publishDiagnostics","params":{"diagnostics":[],"uri":"file:///c:/Users/ltp/AppData/Local/Arduino15/packages/rakwireless/hardware/mbed_rp2040/0.0.5/cores/arduino/wiring.cpp"}}
>>>
Content-Length: 241

{"method":"textDocument/hover","params":{"textDocument":{"uri":"file:///C:/Users/ltp/AppData/Local/Temp/arduino-language-server744730647/sketch/StandardRTLSAnchorB_TWR.ino.cpp"},"position":{"line":131,"character":8}},"id":30,"jsonrpc":"2.0"}
<<<
Content-Length: 309

{"id":30,"jsonrpc":"2.0","result":{"contents":{"kind":"markdown","value":"### function `delayMicroseconds`  \n\n---\n→ `void`  \nParameters:  \n- `unsigned int us`\n\n---\n```cpp\nvoid delayMicroseconds(unsigned int us)\n```"},"range":{"end":{"character":25,"line":131},"start":{"character":8,"line":131}}}}
>>>
Content-Length: 316

{"method":"textDocument/codeAction","params":{"textDocument":{"uri":"file:///C:/Users/ltp/AppData/Local/Temp/arduino-language-server744730647/sketch/StandardRTLSAnchorB_TWR.ino.cpp"},"range":{"start":{"line":133,"character":26},"end":{"line":134,"character":0}},"context":{"diagnostics":[]}},"id":31,"jsonrpc":"2.0"}
<<<
Content-Length: 37

{"id":31,"jsonrpc":"2.0","result":[]}
>>>
Content-Length: 914

{"method":"textDocument/codeAction","params":{"textDocument":{"uri":"file:///C:/Users/ltp/AppData/Local/Temp/arduino-language-server744730647/sketch/StandardRTLSAnchorB_TWR.ino.cpp"},"range":{"start":{"line":2,"character":0},"end":{"line":140,"character":0}},"context":{"diagnostics":[{"range":{"start":{"line":66,"character":2},"end":{"line":66,"character":8}},"severity":1,"code":"unknown_typename_suggest","source":"clang","message":"Unknown type name 'time_t'; did you mean 'size_t'? (fix available)\n\nc:\\Users\\ltp\\AppData\\Local\\Programs\\Arduino IDE\\resources\\app\\node_modules\\arduino-ide-extension\\build\\lib\\clang\\12.0.0\\include\\stddef.h:46:23:\nnote: 'size_t' declared here"},{"range":{"start":{"line":120,"character":2},"end":{"line":120,"character":8}},"severity":1,"code":"undeclared_var_use","source":"clang","message":"Use of undeclared identifier 'memcpy'"}]}},"id":32,"jsonrpc":"2.0"}
<<<
Content-Length: 777

{"id":32,"jsonrpc":"2.0","result":[{"diagnostics":[{"code":"unknown_typename_suggest","message":"Unknown type name 'time_t'; did you mean 'size_t'? (fix available)\n\nc:\\Users\\ltp\\AppData\\Local\\Programs\\Arduino IDE\\resources\\app\\node_modules\\arduino-ide-extension\\build\\lib\\clang\\12.0.0\\include\\stddef.h:46:23:\nnote: 'size_t' declared here","range":{"end":{"character":8,"line":66},"start":{"character":2,"line":66}},"severity":1,"source":"clang"}],"edit":{"changes":{"file:///C:/Users/ltp/AppData/Local/Temp/arduino-language-server744730647/sketch/StandardRTLSAnchorB_TWR.ino.cpp":[{"newText":"size_t","range":{"end":{"character":8,"line":66},"start":{"character":2,"line":66}}}]}},"isPreferred":true,"kind":"quickfix","title":"change 'time_t' to 'size_t'"}]}
>>>
Content-Length: 315

{"method":"textDocument/codeAction","params":{"textDocument":{"uri":"file:///C:/Users/ltp/AppData/Local/Temp/arduino-language-server744730647/sketch/StandardRTLSAnchorB_TWR.ino.cpp"},"range":{"start":{"line":138,"character":3},"end":{"line":138,"character":3}},"context":{"diagnostics":[]}},"id":33,"jsonrpc":"2.0"}
<<<
Content-Length: 37

{"id":33,"jsonrpc":"2.0","result":[]}
>>>
Content-Length: 914

{"method":"textDocument/codeAction","params":{"textDocument":{"uri":"file:///C:/Users/ltp/AppData/Local/Temp/arduino-language-server744730647/sketch/StandardRTLSAnchorB_TWR.ino.cpp"},"range":{"start":{"line":2,"character":0},"end":{"line":140,"character":0}},"context":{"diagnostics":[{"range":{"start":{"line":66,"character":2},"end":{"line":66,"character":8}},"severity":1,"code":"unknown_typename_suggest","source":"clang","message":"Unknown type name 'time_t'; did you mean 'size_t'? (fix available)\n\nc:\\Users\\ltp\\AppData\\Local\\Programs\\Arduino IDE\\resources\\app\\node_modules\\arduino-ide-extension\\build\\lib\\clang\\12.0.0\\include\\stddef.h:46:23:\nnote: 'size_t' declared here"},{"range":{"start":{"line":120,"character":2},"end":{"line":120,"character":8}},"severity":1,"code":"undeclared_var_use","source":"clang","message":"Use of undeclared identifier 'memcpy'"}]}},"id":34,"jsonrpc":"2.0"}
<<<
Content-Length: 777

{"id":34,"jsonrpc":"2.0","result":[{"diagnostics":[{"code":"unknown_typename_suggest","message":"Unknown type name 'time_t'; did you mean 'size_t'? (fix available)\n\nc:\\Users\\ltp\\AppData\\Local\\Programs\\Arduino IDE\\resources\\app\\node_modules\\arduino-ide-extension\\build\\lib\\clang\\12.0.0\\include\\stddef.h:46:23:\nnote: 'size_t' declared here","range":{"end":{"character":8,"line":66},"start":{"character":2,"line":66}},"severity":1,"source":"clang"}],"edit":{"changes":{"file:///C:/Users/ltp/AppData/Local/Temp/arduino-language-server744730647/sketch/StandardRTLSAnchorB_TWR.ino.cpp":[{"newText":"size_t","range":{"end":{"character":8,"line":66},"start":{"character":2,"line":66}}}]}},"isPreferred":true,"kind":"quickfix","title":"change 'time_t' to 'size_t'"}]}
>>>
Content-Length: 313

{"method":"textDocument/codeAction","params":{"textDocument":{"uri":"file:///C:/Users/ltp/AppData/Local/Temp/arduino-language-server744730647/sketch/StandardRTLSAnchorB_TWR.ino.cpp"},"range":{"start":{"line":72,"character":5},"end":{"line":72,"character":5}},"context":{"diagnostics":[]}},"id":35,"jsonrpc":"2.0"}
<<<
Content-Length: 37

{"id":35,"jsonrpc":"2.0","result":[]}
>>>
Content-Length: 914

{"method":"textDocument/codeAction","params":{"textDocument":{"uri":"file:///C:/Users/ltp/AppData/Local/Temp/arduino-language-server744730647/sketch/StandardRTLSAnchorB_TWR.ino.cpp"},"range":{"start":{"line":2,"character":0},"end":{"line":140,"character":0}},"context":{"diagnostics":[{"range":{"start":{"line":66,"character":2},"end":{"line":66,"character":8}},"severity":1,"code":"unknown_typename_suggest","source":"clang","message":"Unknown type name 'time_t'; did you mean 'size_t'? (fix available)\n\nc:\\Users\\ltp\\AppData\\Local\\Programs\\Arduino IDE\\resources\\app\\node_modules\\arduino-ide-extension\\build\\lib\\clang\\12.0.0\\include\\stddef.h:46:23:\nnote: 'size_t' declared here"},{"range":{"start":{"line":120,"character":2},"end":{"line":120,"character":8}},"severity":1,"code":"undeclared_var_use","source":"clang","message":"Use of undeclared identifier 'memcpy'"}]}},"id":36,"jsonrpc":"2.0"}
<<<
Content-Length: 777

{"id":36,"jsonrpc":"2.0","result":[{"diagnostics":[{"code":"unknown_typename_suggest","message":"Unknown type name 'time_t'; did you mean 'size_t'? (fix available)\n\nc:\\Users\\ltp\\AppData\\Local\\Programs\\Arduino IDE\\resources\\app\\node_modules\\arduino-ide-extension\\build\\lib\\clang\\12.0.0\\include\\stddef.h:46:23:\nnote: 'size_t' declared here","range":{"end":{"character":8,"line":66},"start":{"character":2,"line":66}},"severity":1,"source":"clang"}],"edit":{"changes":{"file:///C:/Users/ltp/AppData/Local/Temp/arduino-language-server744730647/sketch/StandardRTLSAnchorB_TWR.ino.cpp":[{"newText":"size_t","range":{"end":{"character":8,"line":66},"start":{"character":2,"line":66}}}]}},"isPreferred":true,"kind":"quickfix","title":"change 'time_t' to 'size_t'"}]}
>>>
Content-Length: 313

{"method":"textDocument/codeAction","params":{"textDocument":{"uri":"file:///C:/Users/ltp/AppData/Local/Temp/arduino-language-server744730647/sketch/StandardRTLSAnchorB_TWR.ino.cpp"},"range":{"start":{"line":70,"character":3},"end":{"line":70,"character":3}},"context":{"diagnostics":[]}},"id":37,"jsonrpc":"2.0"}
<<<
Content-Length: 37

{"id":37,"jsonrpc":"2.0","result":[]}
>>>
Content-Length: 914

{"method":"textDocument/codeAction","params":{"textDocument":{"uri":"file:///C:/Users/ltp/AppData/Local/Temp/arduino-language-server744730647/sketch/StandardRTLSAnchorB_TWR.ino.cpp"},"range":{"start":{"line":2,"character":0},"end":{"line":140,"character":0}},"context":{"diagnostics":[{"range":{"start":{"line":66,"character":2},"end":{"line":66,"character":8}},"severity":1,"code":"unknown_typename_suggest","source":"clang","message":"Unknown type name 'time_t'; did you mean 'size_t'? (fix available)\n\nc:\\Users\\ltp\\AppData\\Local\\Programs\\Arduino IDE\\resources\\app\\node_modules\\arduino-ide-extension\\build\\lib\\clang\\12.0.0\\include\\stddef.h:46:23:\nnote: 'size_t' declared here"},{"range":{"start":{"line":120,"character":2},"end":{"line":120,"character":8}},"severity":1,"code":"undeclared_var_use","source":"clang","message":"Use of undeclared identifier 'memcpy'"}]}},"id":38,"jsonrpc":"2.0"}
<<<
Content-Length: 777

{"id":38,"jsonrpc":"2.0","result":[{"diagnostics":[{"code":"unknown_typename_suggest","message":"Unknown type name 'time_t'; did you mean 'size_t'? (fix available)\n\nc:\\Users\\ltp\\AppData\\Local\\Programs\\Arduino IDE\\resources\\app\\node_modules\\arduino-ide-extension\\build\\lib\\clang\\12.0.0\\include\\stddef.h:46:23:\nnote: 'size_t' declared here","range":{"end":{"character":8,"line":66},"start":{"character":2,"line":66}},"severity":1,"source":"clang"}],"edit":{"changes":{"file:///C:/Users/ltp/AppData/Local/Temp/arduino-language-server744730647/sketch/StandardRTLSAnchorB_TWR.ino.cpp":[{"newText":"size_t","range":{"end":{"character":8,"line":66},"start":{"character":2,"line":66}}}]}},"isPreferred":true,"kind":"quickfix","title":"change 'time_t' to 'size_t'"}]}
>>>
Content-Length: 59

{"method":"shutdown","params":null,"id":39,"jsonrpc":"2.0"}
<<<
Content-Length: 39

{"id":39,"jsonrpc":"2.0","result":null}
>>>
Content-Length: 47

{"method":"exit","params":null,"jsonrpc":"2.0"}<<< Read Error: EOF
