






Started logging.

<<<
Content-Length: 3189

{"jsonrpc":"2.0","id":0,"method":"initialize","params":{"processId":40076,"clientInfo":{"name":"vscode","version":"1.53.2"},"rootPath":"d:\\RAK-Work\\20210707\\RAK13801\\RAK13801-UWB-Library\\examples\\StandardRTLSAnchorB_TWR","rootUri":"file:///d%3A/RAK-Work/20210707/RAK13801/RAK13801-UWB-Library/examples/StandardRTLSAnchorB_TWR","capabilities":{"workspace":{"applyEdit":true,"workspaceEdit":{"documentChanges":true,"resourceOperations":["create","rename","delete"],"failureHandling":"textOnlyTransactional"},"didChangeConfiguration":{"dynamicRegistration":true},"didChangeWatchedFiles":{"dynamicRegistration":true},"symbol":{"dynamicRegistration":true,"symbolKind":{"valueSet":[1,2,3,4,5,6,7,8,9,10,11,12,13,14,15,16,17,18,19,20,21,22,23,24,25,26]}},"executeCommand":{"dynamicRegistration":true},"configuration":true,"workspaceFolders":true},"textDocument":{"publishDiagnostics":{"relatedInformation":true,"versionSupport":false,"tagSupport":{"valueSet":[1,2]}},"synchronization":{"dynamicRegistration":true,"willSave":true,"willSaveWaitUntil":true,"didSave":true},"completion":{"dynamicRegistration":true,"contextSupport":true,"completionItem":{"snippetSupport":true,"commitCharactersSupport":true,"documentationFormat":["markdown","plaintext"],"deprecatedSupport":true,"preselectSupport":true,"tagSupport":{"valueSet":[1]}},"completionItemKind":{"valueSet":[1,2,3,4,5,6,7,8,9,10,11,12,13,14,15,16,17,18,19,20,21,22,23,24,25]}},"hover":{"dynamicRegistration":true,"contentFormat":["markdown","plaintext"]},"signatureHelp":{"dynamicRegistration":true,"signatureInformation":{"documentationFormat":["markdown","plaintext"],"parameterInformation":{"labelOffsetSupport":true}},"contextSupport":true},"definition":{"dynamicRegistration":true,"linkSupport":true},"references":{"dynamicRegistration":true},"documentHighlight":{"dynamicRegistration":true},"documentSymbol":{"dynamicRegistration":true,"symbolKind":{"valueSet":[1,2,3,4,5,6,7,8,9,10,11,12,13,14,15,16,17,18,19,20,21,22,23,24,25,26]},"hierarchicalDocumentSymbolSupport":true},"codeAction":{"dynamicRegistration":true,"isPreferredSupport":true,"codeActionLiteralSupport":{"codeActionKind":{"valueSet":["","quickfix","refactor","refactor.extract","refactor.inline","refactor.rewrite","source","source.organizeImports"]}}},"codeLens":{"dynamicRegistration":true},"formatting":{"dynamicRegistration":true},"rangeFormatting":{"dynamicRegistration":true},"onTypeFormatting":{"dynamicRegistration":true},"rename":{"dynamicRegistration":true,"prepareSupport":true},"documentLink":{"dynamicRegistration":true,"tooltipSupport":true},"typeDefinition":{"dynamicRegistration":true,"linkSupport":true},"implementation":{"dynamicRegistration":true,"linkSupport":true},"colorProvider":{"dynamicRegistration":true},"foldingRange":{"dynamicRegistration":true,"rangeLimit":5000,"lineFoldingOnly":true},"declaration":{"dynamicRegistration":true,"linkSupport":true},"selectionRange":{"dynamicRegistration":true}},"window":{"workDoneProgress":true}},"initializationOptions":{},"trace":"off","workspaceFolders":[{"uri":"file:///d%3A/RAK-Work/20210707/RAK13801/RAK13801-UWB-Library/examples/StandardRTLSAnchorB_TWR","name":"StandardRTLSAnchorB_TWR"}]}}
>>>
Content-Length: 598

{"id":0,"result":{"capabilities":{"textDocumentSync":2,"hoverProvider":true,"completionProvider":{"triggerCharacters":[".","\u003e",":"]},"signatureHelpProvider":{"triggerCharacters":["(",","]},"definitionProvider":true,"documentHighlightProvider":true,"documentSymbolProvider":true,"workspaceSymbolProvider":true,"codeActionProvider":true,"documentFormattingProvider":true,"documentRangeFormattingProvider":true,"documentOnTypeFormattingProvider":{"firstTriggerCharacter":"\n"},"renameProvider":false,"executeCommandProvider":{"commands":["clangd.applyFix","clangd.applyTweak"]}}},"jsonrpc":"2.0"}
<<<
Content-Length: 52

{"jsonrpc":"2.0","method":"initialized","params":{}}Content-Length: 4207

{"jsonrpc":"2.0","method":"textDocument/didOpen","params":{"textDocument":{"uri":"file:///d%3A/RAK-Work/20210707/RAK13801/RAK13801-UWB-Library/examples/StandardRTLSAnchorB_TWR/StandardRTLSAnchorB_TWR.ino","languageId":"cpp","version":1,"text":"/**\r\n   @file StandardRTLSAnchorB_TWR.ino\r\n   @author rakwireless.com\r\n   @brief Standard RTLS AnchorB TWR\r\n   @version 0.1\r\n   @date 2022-1-28\r\n   @copyright Copyright (c) 2020\r\n**/\r\n\r\n#include <DW1000Ng.hpp>\r\n#include <DW1000NgUtils.hpp>\r\n#include <DW1000NgRanging.hpp>\r\n#include <DW1000NgRTLS.hpp>\r\n\r\n// connection pins\r\n#if defined(ESP8266)\r\nconst uint8_t PIN_SS = 15;\r\n#else\r\nconst uint8_t PIN_SS = SS; // spi select pin\r\nconst uint8_t PIN_RST = WB_IO6;\r\nconst uint8_t PIN_IRQ = WB_IO5;\r\n#endif\r\n\r\nbyte main_anchor_address[] = {0x01, 0x00};\r\nuint16_t next_anchor = 3;\r\n\r\ndouble range_self;\r\n\r\ndevice_configuration_t DEFAULT_CONFIG = {\r\n  false,\r\n  true,\r\n  true,\r\n  true,\r\n  false,\r\n  SFDMode::STANDARD_SFD,\r\n  Channel::CHANNEL_5,\r\n  DataRate::RATE_850KBPS,\r\n  PulseFrequency::FREQ_16MHZ,\r\n  PreambleLength::LEN_256,\r\n  PreambleCode::CODE_3\r\n};\r\n\r\nframe_filtering_configuration_t ANCHOR_FRAME_FILTER_CONFIG = {\r\n  false,\r\n  false,\r\n  true,\r\n  false,\r\n  false,\r\n  false,\r\n  false,\r\n  false\r\n};\r\n\r\nvoid setup() {\r\n  pinMode(WB_IO2, OUTPUT);\r\n  digitalWrite(WB_IO2, HIGH); //Turn on the power switch\r\n  delay(300);\r\n  time_t serial_timeout = millis();\r\n  // DEBUG monitoring\r\n  Serial.begin(115200);\r\n  while (!Serial)\r\n  {\r\n    if ((millis() - serial_timeout) < 5000)\r\n    {\r\n      delay(100);\r\n    }\r\n    else\r\n    {\r\n      break;\r\n    }\r\n  }\r\n  Serial.println(F(\"### arduino-DW1000Ng-ranging-anchor-B ###\"));\r\n  // initialize the driver\r\n#if defined(ESP8266)\r\n  DW1000Ng::initializeNoInterrupt(PIN_SS);\r\n#else\r\n  DW1000Ng::initializeNoInterrupt(PIN_SS, PIN_RST);\r\n#endif\r\n  Serial.println(F(\"DW1000Ng initialized ...\"));\r\n  // general configuration\r\n  DW1000Ng::applyConfiguration(DEFAULT_CONFIG);\r\n  DW1000Ng::enableFrameFiltering(ANCHOR_FRAME_FILTER_CONFIG);\r\n\r\n  DW1000Ng::setEUI(\"AA:BB:CC:DD:EE:FF:00:02\");\r\n\r\n  DW1000Ng::setAntennaDelay(16436);//16436\r\n  DW1000Ng::setSfdDetectionTimeout(273);\r\n  DW1000Ng::setReceiveFrameWaitTimeoutPeriod(5000);\r\n\r\n  DW1000Ng::setNetworkId(RTLS_APP_ID);\r\n  DW1000Ng::setDeviceAddress(2);\r\n\r\n  DW1000Ng::setAntennaDelay(16436);\r\n\r\n  Serial.println(F(\"Committed configuration ...\"));\r\n  // DEBUG chip info and registers pretty printed\r\n  char msg[128];\r\n  DW1000Ng::getPrintableDeviceIdentifier(msg);\r\n  Serial.print(\"Device ID: \"); Serial.println(msg);\r\n  DW1000Ng::getPrintableExtendedUniqueIdentifier(msg);\r\n  Serial.print(\"Unique ID: \"); Serial.println(msg);\r\n  DW1000Ng::getPrintableNetworkIdAndShortAddress(msg);\r\n  Serial.print(\"Network ID & Device Address: \"); Serial.println(msg);\r\n  DW1000Ng::getPrintableDeviceMode(msg);\r\n  Serial.print(\"Device mode: \"); Serial.println(msg);\r\n\r\n}\r\n\r\nvoid transmitRangeReport() {\r\n  byte rangingReport[] = {DATA, SHORT_SRC_AND_DEST, DW1000NgRTLS::increaseSequenceNumber(), 0, 0, 0, 0, 0, 0, 0x60, 0, 0 };\r\n  DW1000Ng::getNetworkId(&rangingReport[3]);\r\n  memcpy(&rangingReport[5], main_anchor_address, 2);\r\n  DW1000Ng::getDeviceAddress(&rangingReport[7]);\r\n  DW1000NgUtils::writeValueToBytes(&rangingReport[10], static_cast<uint16_t>((range_self * 1000)), 2);\r\n  DW1000Ng::setTransmitData(rangingReport, sizeof(rangingReport));\r\n  DW1000Ng::startTransmit();\r\n}\r\n\r\nvoid loop() {\r\n  RangeAcceptResult result = DW1000NgRTLS::anchorRangeAccept(NextActivity::RANGING_CONFIRM, next_anchor);\r\n  if (result.success) {\r\n//    delay(1);\r\n        delayMicroseconds(400); // Tweak based on your hardware\r\n    range_self = result.range;\r\n    transmitRangeReport();\r\n\r\n    String rangeString = \"Range: \"; rangeString += range_self; rangeString += \" m\";\r\n    rangeString += \"\\t RX power: \"; rangeString += DW1000Ng::getReceivePower(); rangeString += \" dBm\";\r\n    Serial.println(rangeString);\r\n  }\r\n}\r\n"}}}Content-Length: 320

{"jsonrpc":"2.0","id":1,"method":"textDocument/codeAction","params":{"textDocument":{"uri":"file:///d%3A/RAK-Work/20210707/RAK13801/RAK13801-UWB-Library/examples/StandardRTLSAnchorB_TWR/StandardRTLSAnchorB_TWR.ino"},"range":{"start":{"line":0,"character":0},"end":{"line":0,"character":0}},"context":{"diagnostics":[]}}}Content-Length: 221

{"jsonrpc":"2.0","id":2,"method":"textDocument/documentSymbol","params":{"textDocument":{"uri":"file:///d%3A/RAK-Work/20210707/RAK13801/RAK13801-UWB-Library/examples/StandardRTLSAnchorB_TWR/StandardRTLSAnchorB_TWR.ino"}}}
>>>
Content-Length: 111

{"method":"window/workDoneProgress/create","params":{"token":"backgroundIndexProgress"},"id":0,"jsonrpc":"2.0"}Content-Length: 36

{"id":1,"result":[],"jsonrpc":"2.0"}Content-Length: 2206

{"id":2,"result":[{"name":"PIN_SS","kind":13,"range":{"start":{"line":18,"character":0},"end":{"line":18,"character":25}},"selectionRange":{"start":{"line":18,"character":14},"end":{"line":18,"character":20}}},{"name":"PIN_RST","kind":13,"range":{"start":{"line":19,"character":0},"end":{"line":19,"character":30}},"selectionRange":{"start":{"line":19,"character":14},"end":{"line":19,"character":21}}},{"name":"PIN_IRQ","kind":13,"range":{"start":{"line":20,"character":0},"end":{"line":20,"character":30}},"selectionRange":{"start":{"line":20,"character":14},"end":{"line":20,"character":21}}},{"name":"main_anchor_address","kind":13,"range":{"start":{"line":23,"character":0},"end":{"line":23,"character":41}},"selectionRange":{"start":{"line":23,"character":5},"end":{"line":23,"character":24}}},{"name":"next_anchor","kind":13,"range":{"start":{"line":24,"character":0},"end":{"line":24,"character":24}},"selectionRange":{"start":{"line":24,"character":9},"end":{"line":24,"character":20}}},{"name":"range_self","kind":13,"range":{"start":{"line":26,"character":0},"end":{"line":26,"character":17}},"selectionRange":{"start":{"line":26,"character":7},"end":{"line":26,"character":17}}},{"name":"DEFAULT_CONFIG","kind":13,"range":{"start":{"line":28,"character":0},"end":{"line":40,"character":1}},"selectionRange":{"start":{"line":28,"character":23},"end":{"line":28,"character":37}}},{"name":"ANCHOR_FRAME_FILTER_CONFIG","kind":13,"range":{"start":{"line":42,"character":0},"end":{"line":51,"character":1}},"selectionRange":{"start":{"line":42,"character":32},"end":{"line":42,"character":58}}},{"name":"setup","kind":12,"range":{"start":{"line":53,"character":0},"end":{"line":106,"character":1}},"selectionRange":{"start":{"line":53,"character":5},"end":{"line":53,"character":10}}},{"name":"transmitRangeReport","kind":12,"range":{"start":{"line":108,"character":0},"end":{"line":116,"character":1}},"selectionRange":{"start":{"line":108,"character":5},"end":{"line":108,"character":24}}},{"name":"loop","kind":12,"range":{"start":{"line":118,"character":0},"end":{"line":130,"character":1}},"selectionRange":{"start":{"line":118,"character":5},"end":{"line":118,"character":9}}}],"jsonrpc":"2.0"}
<<<
Content-Length: 38

{"jsonrpc":"2.0","id":0,"result":null}
>>>
Content-Length: 143

{"method":"$/progress","params":{"token":"backgroundIndexProgress","value":{"title":"indexing","percentage":0,"kind":"begin"}},"jsonrpc":"2.0"}Content-Length: 158

{"method":"$/progress","params":{"token":"backgroundIndexProgress","value":{"message":"2/36","percentage":5.555555555555555,"kind":"report"}},"jsonrpc":"2.0"}Content-Length: 819

{"method":"textDocument/publishDiagnostics","params":{"uri":"file:///d%3A/RAK-Work/20210707/RAK13801/RAK13801-UWB-Library/examples/StandardRTLSAnchorB_TWR/StandardRTLSAnchorB_TWR.ino","diagnostics":[{"range":{"start":{"line":57,"character":2},"end":{"line":57,"character":8}},"severity":1,"code":"unknown_typename_suggest","source":"clang","message":"Unknown type name 'time_t'; did you mean 'size_t'? (fix available)\n\nc:\\Users\\ltp\\AppData\\Local\\Programs\\Arduino IDE\\resources\\app\\node_modules\\arduino-ide-extension\\build\\lib\\clang\\12.0.0\\include\\stddef.h:46:23:\nnote: 'size_t' declared here"},{"range":{"start":{"line":111,"character":2},"end":{"line":111,"character":8}},"severity":1,"code":"undeclared_var_use","source":"clang","message":"Use of undeclared identifier 'memcpy'"}]},"jsonrpc":"2.0"}Content-Length: 158

{"method":"$/progress","params":{"token":"backgroundIndexProgress","value":{"message":"3/36","percentage":8.333333333333334,"kind":"report"}},"jsonrpc":"2.0"}Content-Length: 158

{"method":"$/progress","params":{"token":"backgroundIndexProgress","value":{"message":"4/36","percentage":11.11111111111111,"kind":"report"}},"jsonrpc":"2.0"}Content-Length: 158

{"method":"$/progress","params":{"token":"backgroundIndexProgress","value":{"message":"4/36","percentage":11.11111111111111,"kind":"report"}},"jsonrpc":"2.0"}
<<<
Content-Length: 320

{"jsonrpc":"2.0","id":3,"method":"textDocument/codeAction","params":{"textDocument":{"uri":"file:///d%3A/RAK-Work/20210707/RAK13801/RAK13801-UWB-Library/examples/StandardRTLSAnchorB_TWR/StandardRTLSAnchorB_TWR.ino"},"range":{"start":{"line":0,"character":0},"end":{"line":0,"character":0}},"context":{"diagnostics":[]}}}
>>>
Content-Length: 36

{"id":3,"result":[],"jsonrpc":"2.0"}Content-Length: 158

{"method":"$/progress","params":{"token":"backgroundIndexProgress","value":{"message":"5/36","percentage":13.88888888888889,"kind":"report"}},"jsonrpc":"2.0"}Content-Length: 159

{"method":"$/progress","params":{"token":"backgroundIndexProgress","value":{"message":"6/36","percentage":16.666666666666668,"kind":"report"}},"jsonrpc":"2.0"}Content-Length: 159

{"method":"$/progress","params":{"token":"backgroundIndexProgress","value":{"message":"7/36","percentage":19.444444444444443,"kind":"report"}},"jsonrpc":"2.0"}Content-Length: 159

{"method":"$/progress","params":{"token":"backgroundIndexProgress","value":{"message":"7/36","percentage":19.444444444444443,"kind":"report"}},"jsonrpc":"2.0"}Content-Length: 158

{"method":"$/progress","params":{"token":"backgroundIndexProgress","value":{"message":"8/36","percentage":22.22222222222222,"kind":"report"}},"jsonrpc":"2.0"}Content-Length: 143

{"method":"$/progress","params":{"token":"backgroundIndexProgress","value":{"message":"9/36","percentage":25,"kind":"report"}},"jsonrpc":"2.0"}Content-Length: 143

{"method":"$/progress","params":{"token":"backgroundIndexProgress","value":{"message":"9/36","percentage":25,"kind":"report"}},"jsonrpc":"2.0"}Content-Length: 159

{"method":"$/progress","params":{"token":"backgroundIndexProgress","value":{"message":"10/36","percentage":27.77777777777778,"kind":"report"}},"jsonrpc":"2.0"}Content-Length: 160

{"method":"$/progress","params":{"token":"backgroundIndexProgress","value":{"message":"11/36","percentage":30.555555555555557,"kind":"report"}},"jsonrpc":"2.0"}Content-Length: 160

{"method":"$/progress","params":{"token":"backgroundIndexProgress","value":{"message":"11/36","percentage":30.555555555555557,"kind":"report"}},"jsonrpc":"2.0"}Content-Length: 160

{"method":"$/progress","params":{"token":"backgroundIndexProgress","value":{"message":"12/36","percentage":33.333333333333336,"kind":"report"}},"jsonrpc":"2.0"}Content-Length: 160

{"method":"$/progress","params":{"token":"backgroundIndexProgress","value":{"message":"12/36","percentage":33.333333333333336,"kind":"report"}},"jsonrpc":"2.0"}Content-Length: 160

{"method":"$/progress","params":{"token":"backgroundIndexProgress","value":{"message":"13/36","percentage":36.111111111111114,"kind":"report"}},"jsonrpc":"2.0"}Content-Length: 160

{"method":"$/progress","params":{"token":"backgroundIndexProgress","value":{"message":"13/36","percentage":36.111111111111114,"kind":"report"}},"jsonrpc":"2.0"}Content-Length: 160

{"method":"$/progress","params":{"token":"backgroundIndexProgress","value":{"message":"14/36","percentage":38.888888888888886,"kind":"report"}},"jsonrpc":"2.0"}Content-Length: 160

{"method":"$/progress","params":{"token":"backgroundIndexProgress","value":{"message":"14/36","percentage":38.888888888888886,"kind":"report"}},"jsonrpc":"2.0"}Content-Length: 160

{"method":"$/progress","params":{"token":"backgroundIndexProgress","value":{"message":"15/36","percentage":41.666666666666664,"kind":"report"}},"jsonrpc":"2.0"}Content-Length: 160

{"method":"$/progress","params":{"token":"backgroundIndexProgress","value":{"message":"15/36","percentage":41.666666666666664,"kind":"report"}},"jsonrpc":"2.0"}Content-Length: 159

{"method":"$/progress","params":{"token":"backgroundIndexProgress","value":{"message":"16/36","percentage":44.44444444444444,"kind":"report"}},"jsonrpc":"2.0"}Content-Length: 159

{"method":"$/progress","params":{"token":"backgroundIndexProgress","value":{"message":"17/36","percentage":47.22222222222222,"kind":"report"}},"jsonrpc":"2.0"}Content-Length: 159

{"method":"$/progress","params":{"token":"backgroundIndexProgress","value":{"message":"17/36","percentage":47.22222222222222,"kind":"report"}},"jsonrpc":"2.0"}Content-Length: 144

{"method":"$/progress","params":{"token":"backgroundIndexProgress","value":{"message":"18/36","percentage":50,"kind":"report"}},"jsonrpc":"2.0"}Content-Length: 144

{"method":"$/progress","params":{"token":"backgroundIndexProgress","value":{"message":"18/36","percentage":50,"kind":"report"}},"jsonrpc":"2.0"}Content-Length: 159

{"method":"$/progress","params":{"token":"backgroundIndexProgress","value":{"message":"19/36","percentage":52.77777777777778,"kind":"report"}},"jsonrpc":"2.0"}Content-Length: 159

{"method":"$/progress","params":{"token":"backgroundIndexProgress","value":{"message":"19/36","percentage":52.77777777777778,"kind":"report"}},"jsonrpc":"2.0"}Content-Length: 159

{"method":"$/progress","params":{"token":"backgroundIndexProgress","value":{"message":"20/36","percentage":55.55555555555556,"kind":"report"}},"jsonrpc":"2.0"}Content-Length: 159

{"method":"$/progress","params":{"token":"backgroundIndexProgress","value":{"message":"20/36","percentage":55.55555555555556,"kind":"report"}},"jsonrpc":"2.0"}Content-Length: 160

{"method":"$/progress","params":{"token":"backgroundIndexProgress","value":{"message":"21/36","percentage":58.333333333333336,"kind":"report"}},"jsonrpc":"2.0"}Content-Length: 160

{"method":"$/progress","params":{"token":"backgroundIndexProgress","value":{"message":"21/36","percentage":58.333333333333336,"kind":"report"}},"jsonrpc":"2.0"}Content-Length: 160

{"method":"$/progress","params":{"token":"backgroundIndexProgress","value":{"message":"22/36","percentage":61.111111111111114,"kind":"report"}},"jsonrpc":"2.0"}Content-Length: 160

{"method":"$/progress","params":{"token":"backgroundIndexProgress","value":{"message":"22/36","percentage":61.111111111111114,"kind":"report"}},"jsonrpc":"2.0"}Content-Length: 160

{"method":"$/progress","params":{"token":"backgroundIndexProgress","value":{"message":"23/36","percentage":63.888888888888886,"kind":"report"}},"jsonrpc":"2.0"}Content-Length: 160

{"method":"$/progress","params":{"token":"backgroundIndexProgress","value":{"message":"23/36","percentage":63.888888888888886,"kind":"report"}},"jsonrpc":"2.0"}Content-Length: 159

{"method":"$/progress","params":{"token":"backgroundIndexProgress","value":{"message":"24/36","percentage":66.66666666666667,"kind":"report"}},"jsonrpc":"2.0"}Content-Length: 159

{"method":"$/progress","params":{"token":"backgroundIndexProgress","value":{"message":"24/36","percentage":66.66666666666667,"kind":"report"}},"jsonrpc":"2.0"}Content-Length: 159

{"method":"$/progress","params":{"token":"backgroundIndexProgress","value":{"message":"25/36","percentage":69.44444444444444,"kind":"report"}},"jsonrpc":"2.0"}Content-Length: 159

{"method":"$/progress","params":{"token":"backgroundIndexProgress","value":{"message":"25/36","percentage":69.44444444444444,"kind":"report"}},"jsonrpc":"2.0"}Content-Length: 159

{"method":"$/progress","params":{"token":"backgroundIndexProgress","value":{"message":"26/36","percentage":72.22222222222223,"kind":"report"}},"jsonrpc":"2.0"}Content-Length: 159

{"method":"$/progress","params":{"token":"backgroundIndexProgress","value":{"message":"26/36","percentage":72.22222222222223,"kind":"report"}},"jsonrpc":"2.0"}Content-Length: 144

{"method":"$/progress","params":{"token":"backgroundIndexProgress","value":{"message":"27/36","percentage":75,"kind":"report"}},"jsonrpc":"2.0"}Content-Length: 159

{"method":"$/progress","params":{"token":"backgroundIndexProgress","value":{"message":"28/36","percentage":77.77777777777777,"kind":"report"}},"jsonrpc":"2.0"}Content-Length: 159

{"method":"$/progress","params":{"token":"backgroundIndexProgress","value":{"message":"28/36","percentage":77.77777777777777,"kind":"report"}},"jsonrpc":"2.0"}Content-Length: 159

{"method":"$/progress","params":{"token":"backgroundIndexProgress","value":{"message":"29/36","percentage":80.55555555555556,"kind":"report"}},"jsonrpc":"2.0"}Content-Length: 159

{"method":"$/progress","params":{"token":"backgroundIndexProgress","value":{"message":"29/36","percentage":80.55555555555556,"kind":"report"}},"jsonrpc":"2.0"}Content-Length: 159

{"method":"$/progress","params":{"token":"backgroundIndexProgress","value":{"message":"30/36","percentage":83.33333333333333,"kind":"report"}},"jsonrpc":"2.0"}Content-Length: 159

{"method":"$/progress","params":{"token":"backgroundIndexProgress","value":{"message":"31/36","percentage":86.11111111111111,"kind":"report"}},"jsonrpc":"2.0"}Content-Length: 159

{"method":"$/progress","params":{"token":"backgroundIndexProgress","value":{"message":"31/36","percentage":86.11111111111111,"kind":"report"}},"jsonrpc":"2.0"}Content-Length: 159

{"method":"$/progress","params":{"token":"backgroundIndexProgress","value":{"message":"32/36","percentage":88.88888888888889,"kind":"report"}},"jsonrpc":"2.0"}Content-Length: 159

{"method":"$/progress","params":{"token":"backgroundIndexProgress","value":{"message":"32/36","percentage":88.88888888888889,"kind":"report"}},"jsonrpc":"2.0"}Content-Length: 159

{"method":"$/progress","params":{"token":"backgroundIndexProgress","value":{"message":"33/36","percentage":91.66666666666667,"kind":"report"}},"jsonrpc":"2.0"}Content-Length: 159

{"method":"$/progress","params":{"token":"backgroundIndexProgress","value":{"message":"34/36","percentage":94.44444444444444,"kind":"report"}},"jsonrpc":"2.0"}Content-Length: 159

{"method":"$/progress","params":{"token":"backgroundIndexProgress","value":{"message":"35/36","percentage":97.22222222222223,"kind":"report"}},"jsonrpc":"2.0"}Content-Length: 107

{"method":"$/progress","params":{"token":"backgroundIndexProgress","value":{"kind":"end"}},"jsonrpc":"2.0"}
<<<
Content-Length: 250

{"jsonrpc":"2.0","id":4,"method":"textDocument/hover","params":{"textDocument":{"uri":"file:///d%3A/RAK-Work/20210707/RAK13801/RAK13801-UWB-Library/examples/StandardRTLSAnchorB_TWR/StandardRTLSAnchorB_TWR.ino"},"position":{"line":80,"character":47}}}
>>>
Content-Length: 38

{"id":4,"result":null,"jsonrpc":"2.0"}
<<<
Content-Length: 62

{"jsonrpc":"2.0","method":"$/cancelRequest","params":{"id":4}}Content-Length: 250

{"jsonrpc":"2.0","id":5,"method":"textDocument/hover","params":{"textDocument":{"uri":"file:///d%3A/RAK-Work/20210707/RAK13801/RAK13801-UWB-Library/examples/StandardRTLSAnchorB_TWR/StandardRTLSAnchorB_TWR.ino"},"position":{"line":81,"character":50}}}
>>>
Content-Length: 412

{"id":5,"result":{"contents":{"kind":"markdown","value":"### variable `ANCHOR_FRAME_FILTER_CONFIG`  \n\n---\nType: `frame_filtering_configuration_t`  \nPassed as config  \n\n---\n```cpp\nframe_filtering_configuration_t ANCHOR_FRAME_FILTER_CONFIG = {\n    false, false, true, false, false, false, false, false}\n```"},"range":{"start":{"line":81,"character":33},"end":{"line":81,"character":59}}},"jsonrpc":"2.0"}
<<<
Content-Length: 62

{"jsonrpc":"2.0","method":"$/cancelRequest","params":{"id":5}}Content-Length: 250

{"jsonrpc":"2.0","id":6,"method":"textDocument/hover","params":{"textDocument":{"uri":"file:///d%3A/RAK-Work/20210707/RAK13801/RAK13801-UWB-Library/examples/StandardRTLSAnchorB_TWR/StandardRTLSAnchorB_TWR.ino"},"position":{"line":81,"character":51}}}
>>>
Content-Length: 412

{"id":6,"result":{"contents":{"kind":"markdown","value":"### variable `ANCHOR_FRAME_FILTER_CONFIG`  \n\n---\nType: `frame_filtering_configuration_t`  \nPassed as config  \n\n---\n```cpp\nframe_filtering_configuration_t ANCHOR_FRAME_FILTER_CONFIG = {\n    false, false, true, false, false, false, false, false}\n```"},"range":{"start":{"line":81,"character":33},"end":{"line":81,"character":59}}},"jsonrpc":"2.0"}
<<<
Content-Length: 250

{"jsonrpc":"2.0","id":7,"method":"textDocument/hover","params":{"textDocument":{"uri":"file:///d%3A/RAK-Work/20210707/RAK13801/RAK13801-UWB-Library/examples/StandardRTLSAnchorB_TWR/StandardRTLSAnchorB_TWR.ino"},"position":{"line":76,"character":32}}}
>>>
Content-Length: 769

{"id":7,"result":{"contents":{"kind":"markdown","value":"### function `initializeNoInterrupt`  \n\n---\n→ `void`  \nParameters:  \n- `uint8_t ss`\n- `uint8_t rst = 255`\n\nInitiates and starts a sessions with a DW1000 without interrupt. If rst is not set or value 0xff, a soft resets (i.e. command triggered) are used and it is assumed that no reset line is wired.  \n@param[in] ss The SPI Selection pin used to identify the specific connection  \n@param[in] rst The reset line/pin for hard resets of ICs that connect to the Arduino. Value 0xff means soft reset.  \n\n---\n```cpp\n// In namespace DW1000Ng\nvoid initializeNoInterrupt(uint8_t ss, uint8_t rst = 255)\n```"},"range":{"start":{"line":76,"character":12},"end":{"line":76,"character":33}}},"jsonrpc":"2.0"}
<<<
Content-Length: 250

{"jsonrpc":"2.0","id":8,"method":"textDocument/hover","params":{"textDocument":{"uri":"file:///d%3A/RAK-Work/20210707/RAK13801/RAK13801-UWB-Library/examples/StandardRTLSAnchorB_TWR/StandardRTLSAnchorB_TWR.ino"},"position":{"line":76,"character":24}}}
>>>
Content-Length: 769

{"id":8,"result":{"contents":{"kind":"markdown","value":"### function `initializeNoInterrupt`  \n\n---\n→ `void`  \nParameters:  \n- `uint8_t ss`\n- `uint8_t rst = 255`\n\nInitiates and starts a sessions with a DW1000 without interrupt. If rst is not set or value 0xff, a soft resets (i.e. command triggered) are used and it is assumed that no reset line is wired.  \n@param[in] ss The SPI Selection pin used to identify the specific connection  \n@param[in] rst The reset line/pin for hard resets of ICs that connect to the Arduino. Value 0xff means soft reset.  \n\n---\n```cpp\n// In namespace DW1000Ng\nvoid initializeNoInterrupt(uint8_t ss, uint8_t rst = 255)\n```"},"range":{"start":{"line":76,"character":12},"end":{"line":76,"character":33}}},"jsonrpc":"2.0"}
<<<
Content-Length: 251

{"jsonrpc":"2.0","id":9,"method":"textDocument/hover","params":{"textDocument":{"uri":"file:///d%3A/RAK-Work/20210707/RAK13801/RAK13801-UWB-Library/examples/StandardRTLSAnchorB_TWR/StandardRTLSAnchorB_TWR.ino"},"position":{"line":126,"character":66}}}
>>>
Content-Length: 300

{"id":9,"result":{"contents":{"kind":"markdown","value":"### variable `rangeString`  \n\n---\nType: `class arduino::String`  \n\n---\n```cpp\n// In loop\narduino::String rangeString = \"Range: \"\n```"},"range":{"start":{"line":126,"character":63},"end":{"line":126,"character":74}}},"jsonrpc":"2.0"}
<<<
Content-Length: 325

{"jsonrpc":"2.0","id":10,"method":"textDocument/codeAction","params":{"textDocument":{"uri":"file:///d%3A/RAK-Work/20210707/RAK13801/RAK13801-UWB-Library/examples/StandardRTLSAnchorB_TWR/StandardRTLSAnchorB_TWR.ino"},"range":{"start":{"line":130,"character":1},"end":{"line":130,"character":1}},"context":{"diagnostics":[]}}}
>>>
Content-Length: 37

{"id":10,"result":[],"jsonrpc":"2.0"}
<<<
Content-Length: 252

{"jsonrpc":"2.0","id":11,"method":"textDocument/hover","params":{"textDocument":{"uri":"file:///d%3A/RAK-Work/20210707/RAK13801/RAK13801-UWB-Library/examples/StandardRTLSAnchorB_TWR/StandardRTLSAnchorB_TWR.ino"},"position":{"line":127,"character":51}}}
>>>
Content-Length: 227

{"id":11,"result":{"contents":{"kind":"markdown","value":"### namespace `DW1000Ng`  \n\n---\n```cpp\nnamespace DW1000Ng {}\n```"},"range":{"start":{"line":127,"character":51},"end":{"line":127,"character":59}}},"jsonrpc":"2.0"}
<<<
Content-Length: 252

{"jsonrpc":"2.0","id":12,"method":"textDocument/hover","params":{"textDocument":{"uri":"file:///d%3A/RAK-Work/20210707/RAK13801/RAK13801-UWB-Library/examples/StandardRTLSAnchorB_TWR/StandardRTLSAnchorB_TWR.ino"},"position":{"line":127,"character":54}}}
>>>
Content-Length: 227

{"id":12,"result":{"contents":{"kind":"markdown","value":"### namespace `DW1000Ng`  \n\n---\n```cpp\nnamespace DW1000Ng {}\n```"},"range":{"start":{"line":127,"character":51},"end":{"line":127,"character":59}}},"jsonrpc":"2.0"}
<<<
Content-Length: 252

{"jsonrpc":"2.0","id":13,"method":"textDocument/hover","params":{"textDocument":{"uri":"file:///d%3A/RAK-Work/20210707/RAK13801/RAK13801-UWB-Library/examples/StandardRTLSAnchorB_TWR/StandardRTLSAnchorB_TWR.ino"},"position":{"line":126,"character":78}}}
>>>
Content-Length: 39

{"id":13,"result":null,"jsonrpc":"2.0"}
<<<
Content-Length: 252

{"jsonrpc":"2.0","id":14,"method":"textDocument/hover","params":{"textDocument":{"uri":"file:///d%3A/RAK-Work/20210707/RAK13801/RAK13801-UWB-Library/examples/StandardRTLSAnchorB_TWR/StandardRTLSAnchorB_TWR.ino"},"position":{"line":126,"character":79}}}
>>>
Content-Length: 39

{"id":14,"result":null,"jsonrpc":"2.0"}
<<<
Content-Length: 252

{"jsonrpc":"2.0","id":15,"method":"textDocument/hover","params":{"textDocument":{"uri":"file:///d%3A/RAK-Work/20210707/RAK13801/RAK13801-UWB-Library/examples/StandardRTLSAnchorB_TWR/StandardRTLSAnchorB_TWR.ino"},"position":{"line":126,"character":80}}}
>>>
Content-Length: 39

{"id":15,"result":null,"jsonrpc":"2.0"}
<<<
Content-Length: 252

{"jsonrpc":"2.0","id":16,"method":"textDocument/hover","params":{"textDocument":{"uri":"file:///d%3A/RAK-Work/20210707/RAK13801/RAK13801-UWB-Library/examples/StandardRTLSAnchorB_TWR/StandardRTLSAnchorB_TWR.ino"},"position":{"line":126,"character":79}}}
>>>
Content-Length: 39

{"id":16,"result":null,"jsonrpc":"2.0"}
<<<
Content-Length: 252

{"jsonrpc":"2.0","id":17,"method":"textDocument/hover","params":{"textDocument":{"uri":"file:///d%3A/RAK-Work/20210707/RAK13801/RAK13801-UWB-Library/examples/StandardRTLSAnchorB_TWR/StandardRTLSAnchorB_TWR.ino"},"position":{"line":123,"character":13}}}
>>>
Content-Length: 248

{"id":17,"result":{"contents":{"kind":"markdown","value":"### variable `range_self`  \n\n---\nType: `double`  \n\n---\n```cpp\ndouble range_self\n```"},"range":{"start":{"line":123,"character":4},"end":{"line":123,"character":14}}},"jsonrpc":"2.0"}
<<<
Content-Length: 252

{"jsonrpc":"2.0","id":18,"method":"textDocument/hover","params":{"textDocument":{"uri":"file:///d%3A/RAK-Work/20210707/RAK13801/RAK13801-UWB-Library/examples/StandardRTLSAnchorB_TWR/StandardRTLSAnchorB_TWR.ino"},"position":{"line":122,"character":51}}}
>>>
Content-Length: 39

{"id":18,"result":null,"jsonrpc":"2.0"}
<<<
Content-Length: 252

{"jsonrpc":"2.0","id":19,"method":"textDocument/hover","params":{"textDocument":{"uri":"file:///d%3A/RAK-Work/20210707/RAK13801/RAK13801-UWB-Library/examples/StandardRTLSAnchorB_TWR/StandardRTLSAnchorB_TWR.ino"},"position":{"line":122,"character":51}}}
>>>
Content-Length: 39

{"id":19,"result":null,"jsonrpc":"2.0"}
<<<
Content-Length: 252

{"jsonrpc":"2.0","id":20,"method":"textDocument/hover","params":{"textDocument":{"uri":"file:///d%3A/RAK-Work/20210707/RAK13801/RAK13801-UWB-Library/examples/StandardRTLSAnchorB_TWR/StandardRTLSAnchorB_TWR.ino"},"position":{"line":122,"character":41}}}
>>>
Content-Length: 39

{"id":20,"result":null,"jsonrpc":"2.0"}
<<<
Content-Length: 252

{"jsonrpc":"2.0","id":21,"method":"textDocument/hover","params":{"textDocument":{"uri":"file:///d%3A/RAK-Work/20210707/RAK13801/RAK13801-UWB-Library/examples/StandardRTLSAnchorB_TWR/StandardRTLSAnchorB_TWR.ino"},"position":{"line":122,"character":31}}}
>>>
Content-Length: 39

{"id":21,"result":null,"jsonrpc":"2.0"}
<<<
Content-Length: 326

{"jsonrpc":"2.0","id":22,"method":"textDocument/codeAction","params":{"textDocument":{"uri":"file:///d%3A/RAK-Work/20210707/RAK13801/RAK13801-UWB-Library/examples/StandardRTLSAnchorB_TWR/StandardRTLSAnchorB_TWR.ino"},"range":{"start":{"line":122,"character":7},"end":{"line":122,"character":31}},"context":{"diagnostics":[]}}}
>>>
Content-Length: 37

{"id":22,"result":[],"jsonrpc":"2.0"}
<<<
Content-Length: 326

{"jsonrpc":"2.0","id":23,"method":"textDocument/codeAction","params":{"textDocument":{"uri":"file:///d%3A/RAK-Work/20210707/RAK13801/RAK13801-UWB-Library/examples/StandardRTLSAnchorB_TWR/StandardRTLSAnchorB_TWR.ino"},"range":{"start":{"line":122,"character":9},"end":{"line":122,"character":31}},"context":{"diagnostics":[]}}}
>>>
Content-Length: 37

{"id":23,"result":[],"jsonrpc":"2.0"}
<<<
Content-Length: 326

{"jsonrpc":"2.0","id":24,"method":"textDocument/codeAction","params":{"textDocument":{"uri":"file:///d%3A/RAK-Work/20210707/RAK13801/RAK13801-UWB-Library/examples/StandardRTLSAnchorB_TWR/StandardRTLSAnchorB_TWR.ino"},"range":{"start":{"line":122,"character":8},"end":{"line":122,"character":31}},"context":{"diagnostics":[]}}}
>>>
Content-Length: 37

{"id":24,"result":[],"jsonrpc":"2.0"}
<<<
Content-Length: 251

{"jsonrpc":"2.0","id":25,"method":"textDocument/hover","params":{"textDocument":{"uri":"file:///d%3A/RAK-Work/20210707/RAK13801/RAK13801-UWB-Library/examples/StandardRTLSAnchorB_TWR/StandardRTLSAnchorB_TWR.ino"},"position":{"line":122,"character":8}}}
>>>
Content-Length: 309

{"id":25,"result":{"contents":{"kind":"markdown","value":"### function `delayMicroseconds`  \n\n---\n→ `void`  \nParameters:  \n- `unsigned int us`\n\n---\n```cpp\nvoid delayMicroseconds(unsigned int us)\n```"},"range":{"start":{"line":122,"character":8},"end":{"line":122,"character":25}}},"jsonrpc":"2.0"}
<<<
Content-Length: 256

{"jsonrpc":"2.0","id":26,"method":"textDocument/definition","params":{"textDocument":{"uri":"file:///d%3A/RAK-Work/20210707/RAK13801/RAK13801-UWB-Library/examples/StandardRTLSAnchorB_TWR/StandardRTLSAnchorB_TWR.ino"},"position":{"line":122,"character":8}}}
>>>
Content-Length: 241

{"id":26,"result":[{"uri":"file:///C:/Users/ltp/AppData/Local/Arduino15/packages/rakwireless/hardware/mbed_rp2040/0.0.5/cores/arduino/wiring.cpp","range":{"start":{"line":59,"character":5},"end":{"line":59,"character":22}}}],"jsonrpc":"2.0"}
<<<
Content-Length: 2085

{"jsonrpc":"2.0","method":"textDocument/didOpen","params":{"textDocument":{"uri":"file:///c%3A/Users/ltp/AppData/Local/Arduino15/packages/rakwireless/hardware/mbed_rp2040/0.0.5/cores/arduino/wiring.cpp","languageId":"cpp","version":1,"text":"/*\n  wiring.cpp\n  Part of Arduino - http://www.arduino.cc/\n\n  Copyright (c) 2005-2006 David A. Mellis\n\n  This library is free software; you can redistribute it and/or\n  modify it under the terms of the GNU Lesser General Public\n  License as published by the Free Software Foundation; either\n  version 2.1 of the License, or (at your option) any later version.\n\n  This library is distributed in the hope that it will be useful,\n  but WITHOUT ANY WARRANTY; without even the implied warranty of\n  MERCHANTABILITY or FITNESS FOR A PARTICULAR PURPOSE.  See the GNU\n  Lesser General Public License for more details.\n\n  You should have received a copy of the GNU Lesser General\n  Public License along with this library; if not, write to the\n  Free Software Foundation, Inc., 59 Temple Place, Suite 330,\n  Boston, MA  02111-1307  USA\n*/\n\n#include \"wiring_private.h\"\n#include \"drivers/LowPowerTimer.h\"\n#include \"drivers/Timer.h\"\n#include \"rtos/rtos.h\"\n#include \"platform/mbed_wait_api.h\"\n\nusing namespace std::chrono_literals;\nusing namespace std::chrono;\n\nstatic mbed::Timer timer;\n\n#if DEVICE_LPTICKER\n  static mbed::LowPowerTimer lowPowerTimer;\n#else\n  // Fallback for devices which don't support\n  // a low power ticker.\n  static mbed::Timer& lowPowerTimer = timer;\n#endif\n\nunsigned long millis()\n{\n  return duration_cast<milliseconds>(lowPowerTimer.elapsed_time()).count();\n}\n\nunsigned long micros() {\n  return timer.elapsed_time().count();\n}\n\nvoid delay(unsigned long ms)\n{\n#ifndef NO_RTOS\n  rtos::ThisThread::sleep_for(ms * 1ms);\n#else\n  wait_us(ms * 1000);\n#endif\n}\n\nvoid delayMicroseconds(unsigned int us)\n{\n  wait_us(us);\n}\n\nvoid init()\n{\n  timer.start();\n  lowPowerTimer.start();\n}\n\nvoid yield() {\n#ifndef NO_RTOS\n  rtos::ThisThread::yield();\n#endif\n}\n"}}}Content-Length: 206

{"jsonrpc":"2.0","method":"textDocument/didClose","params":{"textDocument":{"uri":"file:///c%3A/Users/ltp/AppData/Local/Arduino15/packages/rakwireless/hardware/mbed_rp2040/0.0.5/cores/arduino/wiring.cpp"}}}
>>>
Content-Length: 214

{"method":"textDocument/publishDiagnostics","params":{"uri":"file:///c:/Users/ltp/AppData/Local/Arduino15/packages/rakwireless/hardware/mbed_rp2040/0.0.5/cores/arduino/wiring.cpp","diagnostics":[]},"jsonrpc":"2.0"}
<<<
Content-Length: 256

{"jsonrpc":"2.0","id":27,"method":"textDocument/definition","params":{"textDocument":{"uri":"file:///d%3A/RAK-Work/20210707/RAK13801/RAK13801-UWB-Library/examples/StandardRTLSAnchorB_TWR/StandardRTLSAnchorB_TWR.ino"},"position":{"line":122,"character":8}}}
>>>
Content-Length: 241

{"id":27,"result":[{"uri":"file:///C:/Users/ltp/AppData/Local/Arduino15/packages/rakwireless/hardware/mbed_rp2040/0.0.5/cores/arduino/wiring.cpp","range":{"start":{"line":59,"character":5},"end":{"line":59,"character":22}}}],"jsonrpc":"2.0"}
<<<
Content-Length: 2085

{"jsonrpc":"2.0","method":"textDocument/didOpen","params":{"textDocument":{"uri":"file:///c%3A/Users/ltp/AppData/Local/Arduino15/packages/rakwireless/hardware/mbed_rp2040/0.0.5/cores/arduino/wiring.cpp","languageId":"cpp","version":1,"text":"/*\n  wiring.cpp\n  Part of Arduino - http://www.arduino.cc/\n\n  Copyright (c) 2005-2006 David A. Mellis\n\n  This library is free software; you can redistribute it and/or\n  modify it under the terms of the GNU Lesser General Public\n  License as published by the Free Software Foundation; either\n  version 2.1 of the License, or (at your option) any later version.\n\n  This library is distributed in the hope that it will be useful,\n  but WITHOUT ANY WARRANTY; without even the implied warranty of\n  MERCHANTABILITY or FITNESS FOR A PARTICULAR PURPOSE.  See the GNU\n  Lesser General Public License for more details.\n\n  You should have received a copy of the GNU Lesser General\n  Public License along with this library; if not, write to the\n  Free Software Foundation, Inc., 59 Temple Place, Suite 330,\n  Boston, MA  02111-1307  USA\n*/\n\n#include \"wiring_private.h\"\n#include \"drivers/LowPowerTimer.h\"\n#include \"drivers/Timer.h\"\n#include \"rtos/rtos.h\"\n#include \"platform/mbed_wait_api.h\"\n\nusing namespace std::chrono_literals;\nusing namespace std::chrono;\n\nstatic mbed::Timer timer;\n\n#if DEVICE_LPTICKER\n  static mbed::LowPowerTimer lowPowerTimer;\n#else\n  // Fallback for devices which don't support\n  // a low power ticker.\n  static mbed::Timer& lowPowerTimer = timer;\n#endif\n\nunsigned long millis()\n{\n  return duration_cast<milliseconds>(lowPowerTimer.elapsed_time()).count();\n}\n\nunsigned long micros() {\n  return timer.elapsed_time().count();\n}\n\nvoid delay(unsigned long ms)\n{\n#ifndef NO_RTOS\n  rtos::ThisThread::sleep_for(ms * 1ms);\n#else\n  wait_us(ms * 1000);\n#endif\n}\n\nvoid delayMicroseconds(unsigned int us)\n{\n  wait_us(us);\n}\n\nvoid init()\n{\n  timer.start();\n  lowPowerTimer.start();\n}\n\nvoid yield() {\n#ifndef NO_RTOS\n  rtos::ThisThread::yield();\n#endif\n}\n"}}}Content-Length: 206

{"jsonrpc":"2.0","method":"textDocument/didClose","params":{"textDocument":{"uri":"file:///c%3A/Users/ltp/AppData/Local/Arduino15/packages/rakwireless/hardware/mbed_rp2040/0.0.5/cores/arduino/wiring.cpp"}}}
>>>
Content-Length: 214

{"method":"textDocument/publishDiagnostics","params":{"uri":"file:///c:/Users/ltp/AppData/Local/Arduino15/packages/rakwireless/hardware/mbed_rp2040/0.0.5/cores/arduino/wiring.cpp","diagnostics":[]},"jsonrpc":"2.0"}
<<<
Content-Length: 251

{"jsonrpc":"2.0","id":28,"method":"textDocument/hover","params":{"textDocument":{"uri":"file:///d%3A/RAK-Work/20210707/RAK13801/RAK13801-UWB-Library/examples/StandardRTLSAnchorB_TWR/StandardRTLSAnchorB_TWR.ino"},"position":{"line":122,"character":8}}}
>>>
Content-Length: 309

{"id":28,"result":{"contents":{"kind":"markdown","value":"### function `delayMicroseconds`  \n\n---\n→ `void`  \nParameters:  \n- `unsigned int us`\n\n---\n```cpp\nvoid delayMicroseconds(unsigned int us)\n```"},"range":{"start":{"line":122,"character":8},"end":{"line":122,"character":25}}},"jsonrpc":"2.0"}
<<<
Content-Length: 326

{"jsonrpc":"2.0","id":29,"method":"textDocument/codeAction","params":{"textDocument":{"uri":"file:///d%3A/RAK-Work/20210707/RAK13801/RAK13801-UWB-Library/examples/StandardRTLSAnchorB_TWR/StandardRTLSAnchorB_TWR.ino"},"range":{"start":{"line":124,"character":26},"end":{"line":125,"character":0}},"context":{"diagnostics":[]}}}
>>>
Content-Length: 37

{"id":29,"result":[],"jsonrpc":"2.0"}
<<<
Content-Length: 924

{"jsonrpc":"2.0","id":30,"method":"textDocument/codeAction","params":{"textDocument":{"uri":"file:///d%3A/RAK-Work/20210707/RAK13801/RAK13801-UWB-Library/examples/StandardRTLSAnchorB_TWR/StandardRTLSAnchorB_TWR.ino"},"range":{"start":{"line":0,"character":0},"end":{"line":131,"character":0}},"context":{"diagnostics":[{"range":{"start":{"line":57,"character":2},"end":{"line":57,"character":8}},"message":"Unknown type name 'time_t'; did you mean 'size_t'? (fix available)\n\nc:\\Users\\ltp\\AppData\\Local\\Programs\\Arduino IDE\\resources\\app\\node_modules\\arduino-ide-extension\\build\\lib\\clang\\12.0.0\\include\\stddef.h:46:23:\nnote: 'size_t' declared here","severity":1,"code":"unknown_typename_suggest","source":"clang"},{"range":{"start":{"line":111,"character":2},"end":{"line":111,"character":8}},"message":"Use of undeclared identifier 'memcpy'","severity":1,"code":"undeclared_var_use","source":"clang"}]}}}
>>>
Content-Length: 189

{"id":30,"error":{"code":0,"message":"json: cannot unmarshal object into Go struct field WorkspaceEdit.edit.changes of type map[lsp.DocumentURI][]lsp.TextEdit","data":null},"jsonrpc":"2.0"}
<<<
Content-Length: 325

{"jsonrpc":"2.0","id":31,"method":"textDocument/codeAction","params":{"textDocument":{"uri":"file:///d%3A/RAK-Work/20210707/RAK13801/RAK13801-UWB-Library/examples/StandardRTLSAnchorB_TWR/StandardRTLSAnchorB_TWR.ino"},"range":{"start":{"line":129,"character":3},"end":{"line":129,"character":3}},"context":{"diagnostics":[]}}}
>>>
Content-Length: 37

{"id":31,"result":[],"jsonrpc":"2.0"}
<<<
Content-Length: 924

{"jsonrpc":"2.0","id":32,"method":"textDocument/codeAction","params":{"textDocument":{"uri":"file:///d%3A/RAK-Work/20210707/RAK13801/RAK13801-UWB-Library/examples/StandardRTLSAnchorB_TWR/StandardRTLSAnchorB_TWR.ino"},"range":{"start":{"line":0,"character":0},"end":{"line":131,"character":0}},"context":{"diagnostics":[{"range":{"start":{"line":57,"character":2},"end":{"line":57,"character":8}},"message":"Unknown type name 'time_t'; did you mean 'size_t'? (fix available)\n\nc:\\Users\\ltp\\AppData\\Local\\Programs\\Arduino IDE\\resources\\app\\node_modules\\arduino-ide-extension\\build\\lib\\clang\\12.0.0\\include\\stddef.h:46:23:\nnote: 'size_t' declared here","severity":1,"code":"unknown_typename_suggest","source":"clang"},{"range":{"start":{"line":111,"character":2},"end":{"line":111,"character":8}},"message":"Use of undeclared identifier 'memcpy'","severity":1,"code":"undeclared_var_use","source":"clang"}]}}}
>>>
Content-Length: 189

{"id":32,"error":{"code":0,"message":"json: cannot unmarshal object into Go struct field WorkspaceEdit.edit.changes of type map[lsp.DocumentURI][]lsp.TextEdit","data":null},"jsonrpc":"2.0"}
<<<
Content-Length: 323

{"jsonrpc":"2.0","id":33,"method":"textDocument/codeAction","params":{"textDocument":{"uri":"file:///d%3A/RAK-Work/20210707/RAK13801/RAK13801-UWB-Library/examples/StandardRTLSAnchorB_TWR/StandardRTLSAnchorB_TWR.ino"},"range":{"start":{"line":63,"character":5},"end":{"line":63,"character":5}},"context":{"diagnostics":[]}}}
>>>
Content-Length: 37

{"id":33,"result":[],"jsonrpc":"2.0"}
<<<
Content-Length: 924

{"jsonrpc":"2.0","id":34,"method":"textDocument/codeAction","params":{"textDocument":{"uri":"file:///d%3A/RAK-Work/20210707/RAK13801/RAK13801-UWB-Library/examples/StandardRTLSAnchorB_TWR/StandardRTLSAnchorB_TWR.ino"},"range":{"start":{"line":0,"character":0},"end":{"line":131,"character":0}},"context":{"diagnostics":[{"range":{"start":{"line":57,"character":2},"end":{"line":57,"character":8}},"message":"Unknown type name 'time_t'; did you mean 'size_t'? (fix available)\n\nc:\\Users\\ltp\\AppData\\Local\\Programs\\Arduino IDE\\resources\\app\\node_modules\\arduino-ide-extension\\build\\lib\\clang\\12.0.0\\include\\stddef.h:46:23:\nnote: 'size_t' declared here","severity":1,"code":"unknown_typename_suggest","source":"clang"},{"range":{"start":{"line":111,"character":2},"end":{"line":111,"character":8}},"message":"Use of undeclared identifier 'memcpy'","severity":1,"code":"undeclared_var_use","source":"clang"}]}}}
>>>
Content-Length: 189

{"id":34,"error":{"code":0,"message":"json: cannot unmarshal object into Go struct field WorkspaceEdit.edit.changes of type map[lsp.DocumentURI][]lsp.TextEdit","data":null},"jsonrpc":"2.0"}
<<<
Content-Length: 323

{"jsonrpc":"2.0","id":35,"method":"textDocument/codeAction","params":{"textDocument":{"uri":"file:///d%3A/RAK-Work/20210707/RAK13801/RAK13801-UWB-Library/examples/StandardRTLSAnchorB_TWR/StandardRTLSAnchorB_TWR.ino"},"range":{"start":{"line":61,"character":3},"end":{"line":61,"character":3}},"context":{"diagnostics":[]}}}
>>>
Content-Length: 37

{"id":35,"result":[],"jsonrpc":"2.0"}
<<<
Content-Length: 924

{"jsonrpc":"2.0","id":36,"method":"textDocument/codeAction","params":{"textDocument":{"uri":"file:///d%3A/RAK-Work/20210707/RAK13801/RAK13801-UWB-Library/examples/StandardRTLSAnchorB_TWR/StandardRTLSAnchorB_TWR.ino"},"range":{"start":{"line":0,"character":0},"end":{"line":131,"character":0}},"context":{"diagnostics":[{"range":{"start":{"line":57,"character":2},"end":{"line":57,"character":8}},"message":"Unknown type name 'time_t'; did you mean 'size_t'? (fix available)\n\nc:\\Users\\ltp\\AppData\\Local\\Programs\\Arduino IDE\\resources\\app\\node_modules\\arduino-ide-extension\\build\\lib\\clang\\12.0.0\\include\\stddef.h:46:23:\nnote: 'size_t' declared here","severity":1,"code":"unknown_typename_suggest","source":"clang"},{"range":{"start":{"line":111,"character":2},"end":{"line":111,"character":8}},"message":"Use of undeclared identifier 'memcpy'","severity":1,"code":"undeclared_var_use","source":"clang"}]}}}
>>>
Content-Length: 189

{"id":36,"error":{"code":0,"message":"json: cannot unmarshal object into Go struct field WorkspaceEdit.edit.changes of type map[lsp.DocumentURI][]lsp.TextEdit","data":null},"jsonrpc":"2.0"}
<<<
Content-Length: 59

{"jsonrpc":"2.0","id":37,"method":"shutdown","params":null}
>>>
Content-Length: 39

{"id":37,"result":null,"jsonrpc":"2.0"}
<<<
Content-Length: 47

{"jsonrpc":"2.0","method":"exit","params":null}